#
# There is insufficient memory for the Java Runtime Environment to continue.
# Native memory allocation (mmap) failed to map 65536 bytes. Error detail: Failed to commit metaspace.
# Possible reasons:
#   The system is out of physical RAM or swap space
#   This process is running with CompressedOops enabled, and the Java Heap may be blocking the growth of the native heap
# Possible solutions:
#   Reduce memory load on the system
#   Increase physical memory or swap space
#   Check if swap backing store is full
#   Decrease Java heap size (-Xmx/-Xms)
#   Decrease number of Java threads
#   Decrease Java thread stack sizes (-Xss)
#   Set larger code cache with -XX:ReservedCodeCacheSize=
#   JVM is running with Unscaled Compressed Oops mode in which the Java heap is
#     placed in the first 4GB address space. The Java Heap base address is the
#     maximum limit for the native heap growth. Please use -XX:HeapBaseMinAddress
#     to set the Java Heap base and to place the Java Heap above 4GB virtual address.
# This output file may be truncated or incomplete.
#
#  Out of Memory Error (virtualSpaceNode.cpp:113), pid=2168, tid=18060
#
# JRE version: OpenJDK Runtime Environment (21.0.9) (build 21.0.9+-14649483-b1163.86)
# Java VM: OpenJDK 64-Bit Server VM (21.0.9+-14649483-b1163.86, mixed mode, tiered, compressed oops, compressed class ptrs, g1 gc, windows-amd64)
# No core dump will be written. Minidumps are not enabled by default on client versions of Windows
#

---------------  S U M M A R Y ------------

Command Line: org.jetbrains.kotlin.cli.jvm.K2JVMCompiler @D:\flutterprojects\MiniProject-group-19\build\file_picker\20260313_2498024033294580366.compiler.options

Host: 12th Gen Intel(R) Core(TM) i5-1235U, 12 cores, 7G,  Windows 11 , 64 bit Build 26100 (10.0.26100.7920)
Time: Fri Mar 13 11:37:56 2026 India Standard Time elapsed time: 3.971848 seconds (0d 0h 0m 3s)

---------------  T H R E A D  ---------------

Current thread (0x000001e0574d32c0):  JavaThread "main"             [_thread_in_vm, id=18060, stack(0x000000041f200000,0x000000041f300000) (1024K)]

Stack: [0x000000041f200000,0x000000041f300000]
Native frames: (J=compiled Java code, j=interpreted, Vv=VM code, C=native code)
V  [jvm.dll+0x6d6c99]
V  [jvm.dll+0x866b83]
V  [jvm.dll+0x86919e]
V  [jvm.dll+0x869883]
V  [jvm.dll+0x280776]
V  [jvm.dll+0x861a3e]
V  [jvm.dll+0x67a1b5]
V  [jvm.dll+0x1e4571]
V  [jvm.dll+0x1e433e]
V  [jvm.dll+0x67cb08]
V  [jvm.dll+0x67c942]
V  [jvm.dll+0x67abae]
V  [jvm.dll+0x26b30f]
V  [jvm.dll+0x684d25]
V  [jvm.dll+0x2164dc]
V  [jvm.dll+0x216a25]
V  [jvm.dll+0x217406]
V  [jvm.dll+0x20c3ba]
V  [jvm.dll+0x5b7535]
V  [jvm.dll+0x7decf3]
V  [jvm.dll+0x7dee3b]
V  [jvm.dll+0x472707]
V  [jvm.dll+0x478058]
C  [java.dll+0x17ec]

Java frames: (J=compiled Java code, j=interpreted, Vv=VM code)
J 353  java.lang.ClassLoader.defineClass1(Ljava/lang/ClassLoader;Ljava/lang/String;[BIILjava/security/ProtectionDomain;Ljava/lang/String;)Ljava/lang/Class; java.base@21.0.9 (0 bytes) @ 0x000001e0645ac109 [0x000001e0645ac040+0x00000000000000c9]
J 890 c1 java.lang.ClassLoader.defineClass(Ljava/lang/String;[BIILjava/security/ProtectionDomain;)Ljava/lang/Class; java.base@21.0.9 (43 bytes) @ 0x000001e05cc3f8ec [0x000001e05cc3f5a0+0x000000000000034c]
J 812 c1 java.security.SecureClassLoader.defineClass(Ljava/lang/String;[BIILjava/security/CodeSource;)Ljava/lang/Class; java.base@21.0.9 (16 bytes) @ 0x000001e05cc0be1c [0x000001e05cc0bd40+0x00000000000000dc]
J 891 c1 jdk.internal.loader.BuiltinClassLoader.defineClass(Ljava/lang/String;Ljdk/internal/loader/Resource;)Ljava/lang/Class; java.base@21.0.9 (121 bytes) @ 0x000001e05cc3b194 [0x000001e05cc39e80+0x0000000000001314]
J 619 c1 jdk.internal.loader.BuiltinClassLoader.findClassOnClassPathOrNull(Ljava/lang/String;)Ljava/lang/Class; java.base@21.0.9 (134 bytes) @ 0x000001e05cb9ec74 [0x000001e05cb9df80+0x0000000000000cf4]
J 306 c1 jdk.internal.loader.BuiltinClassLoader.loadClassOrNull(Ljava/lang/String;Z)Ljava/lang/Class; java.base@21.0.9 (143 bytes) @ 0x000001e05cb1f04c [0x000001e05cb1e740+0x000000000000090c]
J 448 c1 jdk.internal.loader.ClassLoaders$AppClassLoader.loadClass(Ljava/lang/String;Z)Ljava/lang/Class; java.base@21.0.9 (40 bytes) @ 0x000001e05cb5ac5c [0x000001e05cb5aa80+0x00000000000001dc]
J 447 c1 java.lang.ClassLoader.loadClass(Ljava/lang/String;)Ljava/lang/Class; java.base@21.0.9 (7 bytes) @ 0x000001e05cb5a744 [0x000001e05cb5a640+0x0000000000000104]
v  ~StubRoutines::call_stub 0x000001e063ff100d
j  kotlin.reflect.jvm.internal.impl.resolve.scopes.ChainedMemberScope$Companion.create(Ljava/lang/String;Ljava/lang/Iterable;)Lkotlin/reflect/jvm/internal/impl/resolve/scopes/MemberScope;+12
j  kotlin.reflect.jvm.internal.impl.descriptors.impl.LazyPackageViewDescriptorImpl$memberScope$1.invoke()Lkotlin/reflect/jvm/internal/impl/resolve/scopes/MemberScope;+207
j  kotlin.reflect.jvm.internal.impl.descriptors.impl.LazyPackageViewDescriptorImpl$memberScope$1.invoke()Ljava/lang/Object;+1
j  kotlin.reflect.jvm.internal.impl.resolve.scopes.LazyScopeAdapter$lazyScope$1.invoke()Lkotlin/reflect/jvm/internal/impl/resolve/scopes/MemberScope;+4
j  kotlin.reflect.jvm.internal.impl.resolve.scopes.LazyScopeAdapter$lazyScope$1.invoke()Ljava/lang/Object;+1
j  kotlin.reflect.jvm.internal.impl.storage.LockBasedStorageManager$LockBasedLazyValue.invoke()Ljava/lang/Object;+156
j  kotlin.reflect.jvm.internal.impl.storage.LockBasedStorageManager$LockBasedNotNullLazyValue.invoke()Ljava/lang/Object;+1
j  kotlin.reflect.jvm.internal.impl.resolve.scopes.LazyScopeAdapter.getWorkerScope()Lkotlin/reflect/jvm/internal/impl/resolve/scopes/MemberScope;+4
j  kotlin.reflect.jvm.internal.impl.resolve.scopes.AbstractScopeAdapter.getContributedClassifier(Lkotlin/reflect/jvm/internal/impl/name/Name;Lkotlin/reflect/jvm/internal/impl/incremental/components/LookupLocation;)Lkotlin/reflect/jvm/internal/impl/descriptors/ClassifierDescriptor;+13
j  kotlin.reflect.jvm.internal.impl.descriptors.FindClassInModuleKt.findClassifierAcrossModuleDependencies(Lkotlin/reflect/jvm/internal/impl/descriptors/ModuleDescriptor;Lkotlin/reflect/jvm/internal/impl/name/ClassId;)Lkotlin/reflect/jvm/internal/impl/descriptors/ClassifierDescriptor;+109
j  kotlin.reflect.jvm.internal.impl.descriptors.FindClassInModuleKt.findClassAcrossModuleDependencies(Lkotlin/reflect/jvm/internal/impl/descriptors/ModuleDescriptor;Lkotlin/reflect/jvm/internal/impl/name/ClassId;)Lkotlin/reflect/jvm/internal/impl/descriptors/ClassDescriptor;+14
j  kotlin.reflect.jvm.internal.KClassImpl$Data$descriptor$2.invoke()Lkotlin/reflect/jvm/internal/impl/descriptors/ClassDescriptor;+48
j  kotlin.reflect.jvm.internal.KClassImpl$Data$descriptor$2.invoke()Ljava/lang/Object;+1
j  kotlin.reflect.jvm.internal.ReflectProperties$LazySoftVal.invoke()Ljava/lang/Object;+28
j  kotlin.reflect.jvm.internal.ReflectProperties$Val.getValue(Ljava/lang/Object;Ljava/lang/Object;)Ljava/lang/Object;+1
j  kotlin.reflect.jvm.internal.KClassImpl$Data.getDescriptor()Lkotlin/reflect/jvm/internal/impl/descriptors/ClassDescriptor;+10
j  kotlin.reflect.jvm.internal.KClassImpl.getDescriptor()Lkotlin/reflect/jvm/internal/impl/descriptors/ClassDescriptor;+10
j  kotlin.reflect.jvm.internal.KClassImpl.getMemberScope$kotlin_reflection()Lkotlin/reflect/jvm/internal/impl/resolve/scopes/MemberScope;+1
j  kotlin.reflect.jvm.internal.KClassImpl.getProperties(Lkotlin/reflect/jvm/internal/impl/name/Name;)Ljava/util/Collection;+7
j  kotlin.reflect.jvm.internal.KDeclarationContainerImpl.findPropertyDescriptor(Ljava/lang/String;Ljava/lang/String;)Lkotlin/reflect/jvm/internal/impl/descriptors/PropertyDescriptor;+131
j  kotlin.reflect.jvm.internal.KPropertyImpl$_descriptor$1.invoke()Lkotlin/reflect/jvm/internal/impl/descriptors/PropertyDescriptor;+21
j  kotlin.reflect.jvm.internal.KPropertyImpl$_descriptor$1.invoke()Ljava/lang/Object;+1
j  kotlin.reflect.jvm.internal.ReflectProperties$LazySoftVal.invoke()Ljava/lang/Object;+28
j  kotlin.reflect.jvm.internal.KPropertyImpl.getDescriptor()Lkotlin/reflect/jvm/internal/impl/descriptors/PropertyDescriptor;+4
j  kotlin.reflect.jvm.internal.KPropertyImpl$_javaField$1.invoke()Ljava/lang/reflect/Field;+7
j  kotlin.reflect.jvm.internal.KPropertyImpl$_javaField$1.invoke()Ljava/lang/Object;+1
j  kotlin.reflect.jvm.internal.ReflectProperties$LazyVal.invoke()Ljava/lang/Object;+19
j  kotlin.reflect.jvm.internal.KPropertyImpl.getJavaField()Ljava/lang/reflect/Field;+4
j  kotlin.reflect.jvm.ReflectJvmMapping.getJavaField(Lkotlin/reflect/KProperty;)Ljava/lang/reflect/Field;+20
j  org.jetbrains.kotlin.cli.common.arguments.ArgumentUtilsKt.getArgumentAnnotation(Lkotlin/reflect/KProperty1;)Lorg/jetbrains/kotlin/cli/common/arguments/Argument;+11
j  org.jetbrains.kotlin.cli.common.arguments.ArgumentUtilsKt.getCliArgument(Lkotlin/reflect/KProperty1;)Ljava/lang/String;+8
j  org.jetbrains.kotlin.cli.common.ArgumentsKt.<clinit>()V+6
v  ~StubRoutines::call_stub 0x000001e063ff100d
j  org.jetbrains.kotlin.cli.common.CLICompiler.exec(Lorg/jetbrains/kotlin/cli/common/messages/MessageCollector;Lorg/jetbrains/kotlin/config/Services;Lorg/jetbrains/kotlin/cli/common/arguments/CommonCompilerArguments;)Lorg/jetbrains/kotlin/cli/common/ExitCode;+80
j  org.jetbrains.kotlin.cli.common.CLICompiler.exec(Ljava/io/PrintStream;Lorg/jetbrains/kotlin/config/Services;Lorg/jetbrains/kotlin/cli/common/messages/MessageRenderer;[Ljava/lang/String;)Lorg/jetbrains/kotlin/cli/common/ExitCode;+259
j  org.jetbrains.kotlin.cli.common.CLICompiler.exec(Ljava/io/PrintStream;Lorg/jetbrains/kotlin/cli/common/messages/MessageRenderer;[Ljava/lang/String;)Lorg/jetbrains/kotlin/cli/common/ExitCode;+26
j  org.jetbrains.kotlin.cli.common.CLICompiler$Companion.doMainNoExit(Lorg/jetbrains/kotlin/cli/common/CLICompiler;[Ljava/lang/String;Lorg/jetbrains/kotlin/cli/common/messages/MessageRenderer;)Lorg/jetbrains/kotlin/cli/common/ExitCode;+39
j  org.jetbrains.kotlin.cli.common.CLICompiler$Companion.doMainNoExit$default(Lorg/jetbrains/kotlin/cli/common/CLICompiler$Companion;Lorg/jetbrains/kotlin/cli/common/CLICompiler;[Ljava/lang/String;Lorg/jetbrains/kotlin/cli/common/messages/MessageRenderer;ILjava/lang/Object;)Lorg/jetbrains/kotlin/cli/common/ExitCode;+16
j  org.jetbrains.kotlin.cli.common.CLICompiler$Companion.doMain(Lorg/jetbrains/kotlin/cli/common/CLICompiler;[Ljava/lang/String;)V+54
j  org.jetbrains.kotlin.cli.jvm.K2JVMCompiler$Companion.main([Ljava/lang/String;)V+20
j  org.jetbrains.kotlin.cli.jvm.K2JVMCompiler.main([Ljava/lang/String;)V+4
v  ~StubRoutines::call_stub 0x000001e063ff100d

Compiled method (n/a) 4057  353     n 0       java.lang.ClassLoader::defineClass1 (native)
 total in heap  [0x000001e0645abe90,0x000001e0645ac420] = 1424
 relocation     [0x000001e0645abff0,0x000001e0645ac028] = 56
 main code      [0x000001e0645ac040,0x000001e0645ac419] = 985
 stub code      [0x000001e0645ac419,0x000001e0645ac420] = 7

[Constant Pool (empty)]

[MachCode]
[Entry Point]
  # {method} {0x000001e072024ff8} 'defineClass1' '(Ljava/lang/ClassLoader;Ljava/lang/String;[BIILjava/security/ProtectionDomain;Ljava/lang/String;)Ljava/lang/Class;' in 'java/lang/ClassLoader'
  # parm0:    rdx:rdx   = 'java/lang/ClassLoader'
  # parm1:    r8:r8     = 'java/lang/String'
  # parm2:    r9:r9     = '[B'
  # parm3:    rdi       = int
  # parm4:    rsi       = int
  # parm5:    rcx:rcx   = 'java/security/ProtectionDomain'
  # parm6:    [sp+0xa0]   = 'java/lang/String'  (sp of caller)
  0x000001e0645ac040: 448b 5208 | 49c1 e203 | 493b c20f | 8407 0000 

  0x000001e0645ac050: ;   {runtime_call ic_miss_stub}
  0x000001e0645ac050: 00e9 2a27 | a9ff 6690 
[Verified Entry Point]
  0x000001e0645ac058: 8984 2400 | 80ff ff55 | 488b ec48 | 81ec 9000 | 0000 6690 | 4181 7f20 | 0100 0000 

  0x000001e0645ac074: ;   {runtime_call StubRoutines (final stubs)}
  0x000001e0645ac074: 7405 e885 | f6a7 ff48 | 837d 1000 | 488d 4510 | 480f 4445 | 1048 8944 | 2440 4889 | 4c24 7048 
  0x000001e0645ac094: 83f9 0048 | 8d44 2470 | 480f 4444 | 2470 4889 | 4424 3848 | 8974 2430 | 4889 7c24 | 284c 894c 
  0x000001e0645ac0b4: 2458 4983 | f900 488d | 4424 5848 | 0f44 4424 | 5848 8944 | 2420 4c89 | 4424 5049 | 83f8 004c 
  0x000001e0645ac0d4: 8d4c 2450 | 4c0f 444c | 2450 4889 | 5424 4848 | 83fa 004c | 8d44 2448 | 4c0f 4444 

  0x000001e0645ac0f0: ;   {oop(a 'java/lang/Class'{0x000000008b0393d8} = 'java/lang/ClassLoader')}
  0x000001e0645ac0f0: 2448 49be | d893 038b | 0000 0000 | 4c89 7424 | 784c 8d74 | 2478 498b | d6c5 f877 

  0x000001e0645ac10c: ;   {internal_word}
  0x000001e0645ac10c: 49ba 09c1 | 5a64 e001 | 0000 4d89 | 97a0 0300 | 0049 89a7 | 9803 0000 

  0x000001e0645ac124: ;   {external_word}
  0x000001e0645ac124: 49ba 78fa | 936e ff7f | 0000 4180 | 3a00 0f84 | 4e00 0000 | 5241 5041 

  0x000001e0645ac13c: ;   {metadata({method} {0x000001e072024ff8} 'defineClass1' '(Ljava/lang/ClassLoader;Ljava/lang/String;[BIILjava/security/ProtectionDomain;Ljava/lang/String;)Ljava/lang/Class;' in 'java/lang/ClassLoader')}
  0x000001e0645ac13c: 5148 baf0 | 4f02 72e0 | 0100 0049 | 8bcf 4883 | ec20 40f6 | c40f 0f84 | 1900 0000 | 4883 ec08 
  0x000001e0645ac15c: ;   {runtime_call}
  0x000001e0645ac15c: 48b8 20dd | 4d6e ff7f | 0000 ffd0 | 4883 c408 | e90c 0000 

  0x000001e0645ac170: ;   {runtime_call}
  0x000001e0645ac170: 0048 b820 | dd4d 6eff | 7f00 00ff | d048 83c4 | 2041 5941 | 585a 498d | 8fb8 0300 | 0041 c787 
  0x000001e0645ac190: 4404 0000 | 0400 0000 

  0x000001e0645ac198: ;   {runtime_call}
  0x000001e0645ac198: 48b8 ac16 | 0cde ff7f | 0000 ffd0 | c5f8 7741 | c787 4404 | 0000 0500 | 0000 f083 | 4424 c000 
  0x000001e0645ac1b8: 493b af48 | 0400 000f | 870e 0000 | 0041 83bf | 4004 0000 | 000f 842b | 0000 00c5 | f877 4889 
  0x000001e0645ac1d8: 45f8 498b | cf4c 8be4 | 4883 ec20 | 4883 e4f0 

  0x000001e0645ac1e8: ;   {runtime_call}
  0x000001e0645ac1e8: 48b8 3016 | 196e ff7f | 0000 ffd0 | 498b e44d | 33e4 488b | 45f8 41c7 | 8744 0400 | 0008 0000 
  0x000001e0645ac208: 0041 83bf | c004 0000 | 020f 84d5 

  0x000001e0645ac214: ;   {external_word}
  0x000001e0645ac214: 0100 0049 | ba78 fa93 | 6eff 7f00 | 0041 803a | 000f 844c | 0000 0048 

  0x000001e0645ac22c: ;   {metadata({method} {0x000001e072024ff8} 'defineClass1' '(Ljava/lang/ClassLoader;Ljava/lang/String;[BIILjava/security/ProtectionDomain;Ljava/lang/String;)Ljava/lang/Class;' in 'java/lang/ClassLoader')}
  0x000001e0645ac22c: 8945 f848 | baf0 4f02 | 72e0 0100 | 0049 8bcf | 4883 ec20 | 40f6 c40f | 0f84 1900 | 0000 4883 
  0x000001e0645ac24c: ;   {runtime_call}
  0x000001e0645ac24c: ec08 48b8 | 20dd 4d6e | ff7f 0000 | ffd0 4883 | c408 e90c 

  0x000001e0645ac260: ;   {runtime_call}
  0x000001e0645ac260: 0000 0048 | b820 dd4d | 6eff 7f00 | 00ff d048 | 83c4 2048 | 8b45 f849 | c787 9803 | 0000 0000 
  0x000001e0645ac280: 0000 49c7 | 87a0 0300 | 0000 0000 | 00c5 f877 | 4885 c00f | 8430 0100 | 00a8 030f | 8508 0000 
  0x000001e0645ac2a0: 0048 8b00 | e920 0100 | 00a8 010f | 8509 0000 | 0048 8b40 | fee9 0f01 | 0000 488b | 40ff 4180 
  0x000001e0645ac2c0: 7f40 000f | 8400 0100 | 0048 83f8 | 000f 84f6 | 0000 0049 | 8b4f 2848 | 83f9 000f | 8414 0000 
  0x000001e0645ac2e0: 0048 83e9 | 0849 894f | 2849 034f | 3848 8901 | e9d4 0000 | 0048 83ec | 7048 8904 | 2448 894c 
  0x000001e0645ac300: 2408 4889 | 5424 104c | 8944 2418 | 4c89 4c24 | 204c 8954 | 2428 4c89 | 5c24 30c5 | fb11 4424 
  0x000001e0645ac320: 40c5 fb11 | 4c24 48c5 | fb11 5424 | 50c5 fb11 | 5c24 58c5 | fb11 6424 | 60c5 fb11 | 6c24 6849 
  0x000001e0645ac340: 8bd7 488b | c848 83ec | 2040 f6c4 | 0f0f 8419 | 0000 0048 

  0x000001e0645ac354: ;   {runtime_call}
  0x000001e0645ac354: 83ec 0848 | b8b0 220c | 6eff 7f00 | 00ff d048 | 83c4 08e9 | 0c00 0000 

  0x000001e0645ac36c: ;   {runtime_call}
  0x000001e0645ac36c: 48b8 b022 | 0c6e ff7f | 0000 ffd0 | 4883 c420 | c5fb 106c | 2468 c5fb | 1064 2460 | c5fb 105c 
  0x000001e0645ac38c: 2458 c5fb | 1054 2450 | c5fb 104c | 2448 c5fb | 1044 2440 | 4c8b 5c24 | 304c 8b54 | 2428 4c8b 
  0x000001e0645ac3ac: 4c24 204c | 8b44 2418 | 488b 5424 | 1048 8b4c | 2408 488b | 0424 4883 | c470 c5f8 | 7749 8b8f 
  0x000001e0645ac3cc: 2804 0000 | c781 0001 | 0000 0000 | 0000 c949 | 837f 0800 | 0f85 0100 

  0x000001e0645ac3e4: ;   {runtime_call StubRoutines (initial stubs)}
  0x000001e0645ac3e4: 0000 c3e9 | 144b a4ff | c5f8 7748 | 8945 f84c | 8be4 4883 | ec20 4883 

  0x000001e0645ac3fc: ;   {runtime_call}
  0x000001e0645ac3fc: e4f0 48b8 | 7014 4e6e | ff7f 0000 | ffd0 498b | e44d 33e4 | 488b 45f8 | e9fe fdff | fff4 f4f4 
  0x000001e0645ac41c: f4f4 f4f4 
[/MachCode]


Compiled method (c1) 4093  890       3       java.lang.ClassLoader::defineClass (43 bytes)
 total in heap  [0x000001e05cc3f390,0x000001e05cc3fcf8] = 2408
 relocation     [0x000001e05cc3f4f0,0x000001e05cc3f590] = 160
 main code      [0x000001e05cc3f5a0,0x000001e05cc3fa30] = 1168
 stub code      [0x000001e05cc3fa30,0x000001e05cc3faa8] = 120
 metadata       [0x000001e05cc3faa8,0x000001e05cc3fae8] = 64
 scopes data    [0x000001e05cc3fae8,0x000001e05cc3fbd8] = 240
 scopes pcs     [0x000001e05cc3fbd8,0x000001e05cc3fcb8] = 224
 dependencies   [0x000001e05cc3fcb8,0x000001e05cc3fcd0] = 24
 nul chk table  [0x000001e05cc3fcd0,0x000001e05cc3fcf8] = 40

[Constant Pool (empty)]

[MachCode]
[Entry Point]
  # {method} {0x000001e072024e18} 'defineClass' '(Ljava/lang/String;[BIILjava/security/ProtectionDomain;)Ljava/lang/Class;' in 'java/lang/ClassLoader'
  # this:     rdx:rdx   = 'java/lang/ClassLoader'
  # parm0:    r8:r8     = 'java/lang/String'
  # parm1:    r9:r9     = '[B'
  # parm2:    rdi       = int
  # parm3:    rsi       = int
  # parm4:    rcx:rcx   = 'java/security/ProtectionDomain'
  #           [sp+0xc0]  (sp of caller)
  0x000001e05cc3f5a0: 448b 5208 | 49c1 e203 

  0x000001e05cc3f5a8: ;   {runtime_call ic_miss_stub}
  0x000001e05cc3f5a8: 4c3b d00f | 85cf f13f | 0766 6666 | 0f1f 8400 | 0000 0000 | 6666 6690 
[Verified Entry Point]
  0x000001e05cc3f5c0: 8984 2400 | 80ff ff55 | 4881 ecb0 | 0000 0090 | 4181 7f20 | 0100 0000 

  0x000001e05cc3f5d8: ;   {runtime_call StubRoutines (final stubs)}
  0x000001e05cc3f5d8: 7405 e821 | c13e 0748 | 8954 2478 

  0x000001e05cc3f5e4: ;   {metadata(method data for {method} {0x000001e072024e18} 'defineClass' '(Ljava/lang/String;[BIILjava/security/ProtectionDomain;)Ljava/lang/Class;' in 'java/lang/ClassLoader')}
  0x000001e05cc3f5e4: 48bb 40ad | 9a72 e001 | 0000 8b83 | cc00 0000 | 83c0 0289 | 83cc 0000 | 0025 fe07 | 0000 85c0 
  0x000001e05cc3f604: 0f84 4803 | 0000 89b4 | 2494 0000 | 0089 bc24 | 9000 0000 | 4c89 8c24 | 8800 0000 

  0x000001e05cc3f620: ;   {metadata(method data for {method} {0x000001e072024e18} 'defineClass' '(Ljava/lang/String;[BIILjava/security/ProtectionDomain;)Ljava/lang/Class;' in 'java/lang/ClassLoader')}
  0x000001e05cc3f620: 488b da48 | b840 ad9a | 72e0 0100 | 0048 8380 | 1001 0000 | 0149 8bd8 | 4c8b c34c | 8bc9 488b 
  0x000001e05cc3f640: ca48 8bd1 | 4889 9c24 | 8000 0000 

  0x000001e05cc3f64c: ;   {optimized virtual_call}
  0x000001e05cc3f64c: 6666 90e8 

  0x000001e05cc3f650: ; ImmutableOopMap {[120]=Oop [128]=Oop [136]=Oop }
                      ;*invokevirtual preDefineClass {reexecute=0 rethrow=0 return_oop=0}
                      ; - java.lang.ClassLoader::defineClass@4
  0x000001e05cc3f650: 4cb6 fdff 

  0x000001e05cc3f654: ;   {other}
  0x000001e05cc3f654: 0f1f 8400 | c402 0000 | 4889 8424 | 9800 0000 | 488b 5424 

  0x000001e05cc3f668: ;   {metadata(method data for {method} {0x000001e072024e18} 'defineClass' '(Ljava/lang/String;[BIILjava/security/ProtectionDomain;)Ljava/lang/Class;' in 'java/lang/ClassLoader')}
  0x000001e05cc3f668: 7849 b840 | ad9a 72e0 | 0100 0049 | 8380 4801 

  0x000001e05cc3f678: ;   {metadata(method data for {method} {0x000001e072024c38} 'defineClassSourceLocation' '(Ljava/security/ProtectionDomain;)Ljava/lang/String;' in 'java/lang/ClassLoader')}
  0x000001e05cc3f678: 0000 0149 | b870 0e9b | 72e0 0100 | 0041 8b90 | cc00 0000 | 83c2 0241 | 8990 cc00 | 0000 81e2 
  0x000001e05cc3f698: feff 1f00 | 85d2 0f84 | cf02 0000 

  0x000001e05cc3f6a4: ; implicit exception: dispatches to 0x000001e05cc3f994
  0x000001e05cc3f6a4: 483b 004c 

  0x000001e05cc3f6a8: ;   {metadata(method data for {method} {0x000001e072024c38} 'defineClassSourceLocation' '(Ljava/security/ProtectionDomain;)Ljava/lang/String;' in 'java/lang/ClassLoader')}
  0x000001e05cc3f6a8: 8bc0 48ba | 700e 9b72 | e001 0000 | 4883 8210 | 0100 0001 | 448b 4010 

  0x000001e05cc3f6c0: ;   {metadata(method data for {method} {0x000001e072024c38} 'defineClassSourceLocation' '(Ljava/security/ProtectionDomain;)Ljava/lang/String;' in 'java/lang/ClassLoader')}
  0x000001e05cc3f6c0: 4d85 c048 | ba70 0e9b | 72e0 0100 | 0048 c7c6 | 5801 0000 | 7507 48c7 | c648 0100 | 0048 8b3c 
  0x000001e05cc3f6e0: 3248 8d7f | 0148 893c | 320f 850f 

  0x000001e05cc3f6ec: ;   {oop(nullptr)}
  0x000001e05cc3f6ec: 0000 0048 | bb00 0000 | 0000 0000 | 00e9 9901 | 0000 493b | 0049 8bd0 

  0x000001e05cc3f704: ;   {metadata(method data for {method} {0x000001e072024c38} 'defineClassSourceLocation' '(Ljava/security/ProtectionDomain;)Ljava/lang/String;' in 'java/lang/ClassLoader')}
  0x000001e05cc3f704: 48be 700e | 9b72 e001 | 0000 4883 | 8668 0100 | 0001 418b | 500c 4885 

  0x000001e05cc3f71c: ;   {metadata(method data for {method} {0x000001e072024c38} 'defineClassSourceLocation' '(Ljava/security/ProtectionDomain;)Ljava/lang/String;' in 'java/lang/ClassLoader')}
  0x000001e05cc3f71c: d248 be70 | 0e9b 72e0 | 0100 0048 | c7c7 b001 | 0000 7507 | 48c7 c7a0 | 0100 0048 | 8b1c 3e48 
  0x000001e05cc3f73c: 8d5b 0148 | 891c 3e0f | 850f 0000 

  0x000001e05cc3f748: ;   {oop(nullptr)}
  0x000001e05cc3f748: 0048 bb00 | 0000 0000 | 0000 00e9 | 3f01 0000 

  0x000001e05cc3f758: ;   {metadata(method data for {method} {0x000001e072024c38} 'defineClassSourceLocation' '(Ljava/security/ProtectionDomain;)Ljava/lang/String;' in 'java/lang/ClassLoader')}
  0x000001e05cc3f758: 48be 700e | 9b72 e001 | 0000 4883 | 86c0 0100 | 0001 483b | 024c 8bc2 

  0x000001e05cc3f770: ;   {metadata(method data for {method} {0x000001e072024c38} 'defineClassSourceLocation' '(Ljava/security/ProtectionDomain;)Ljava/lang/String;' in 'java/lang/ClassLoader')}
  0x000001e05cc3f770: 48be 700e | 9b72 e001 | 0000 4883 | 86f8 0100 

  0x000001e05cc3f780: ;   {metadata(method data for {method} {0x000001e0720f5cd0} 'toString' '()Ljava/lang/String;' in 'java/net/URL')}
  0x000001e05cc3f780: 0001 49b8 | b0ea 9772 | e001 0000 | 418b b0cc | 0000 0083 | c602 4189 | b0cc 0000 | 0081 e6fe 
  0x000001e05cc3f7a0: ff1f 0085 | f60f 84f8 | 0100 004c 

  0x000001e05cc3f7ac: ;   {metadata(method data for {method} {0x000001e0720f5cd0} 'toString' '()Ljava/lang/String;' in 'java/net/URL')}
  0x000001e05cc3f7ac: 8bc2 48be | b0ea 9772 | e001 0000 | 4883 8610 | 0100 0001 

  0x000001e05cc3f7c0: ;   {metadata(method data for {method} {0x000001e0720f5d88} 'toExternalForm' '()Ljava/lang/String;' in 'java/net/URL')}
  0x000001e05cc3f7c0: 49b8 38ec | 9772 e001 | 0000 418b | b0cc 0000 | 0083 c602 | 4189 b0cc | 0000 0081 | e6fe ff1f 
  0x000001e05cc3f7e0: 0085 f60f | 84db 0100 | 008b 7238 

  0x000001e05cc3f7ec: ; implicit exception: dispatches to 0x000001e05cc3f9e5
  0x000001e05cc3f7ec: 483b 064c 

  0x000001e05cc3f7f0: ;   {metadata(method data for {method} {0x000001e0720f5d88} 'toExternalForm' '()Ljava/lang/String;' in 'java/net/URL')}
  0x000001e05cc3f7f0: 8bc6 48bf | 38ec 9772 | e001 0000 | 458b 4008 | 49c1 e003 | 4c3b 8720 | 0100 0075 | 0d48 8387 
  0x000001e05cc3f810: 2801 0000 | 01e9 6000 | 0000 4c3b | 8730 0100 | 0075 0d48 | 8387 3801 | 0000 01e9 | 4a00 0000 
  0x000001e05cc3f830: 4883 bf20 | 0100 0000 | 7517 4c89 | 8720 0100 | 0048 c787 | 2801 0000 | 0100 0000 | e929 0000 
  0x000001e05cc3f850: 0048 83bf | 3001 0000 | 0075 174c | 8987 3001 | 0000 48c7 | 8738 0100 | 0001 0000 | 00e9 0800 
  0x000001e05cc3f870: 0000 4883 | 8710 0100 | 0001 4c8b | c248 8bd6 | 0f1f 8000 

  0x000001e05cc3f884: ;   {optimized virtual_call}
  0x000001e05cc3f884: 0000 00e8 

  0x000001e05cc3f888: ; ImmutableOopMap {[120]=Oop [128]=Oop [136]=Oop [152]=Oop }
                      ;*invokevirtual toExternalForm {reexecute=0 rethrow=0 return_oop=0}
                      ; - java.net.URL::toExternalForm@5
                      ; - java.net.URL::toString@1
                      ; - java.lang.ClassLoader::defineClassSourceLocation@22
                      ; - java.lang.ClassLoader::defineClass@12
  0x000001e05cc3f888: 14dd fbff 

  0x000001e05cc3f88c: ;   {other}
  0x000001e05cc3f88c: 0f1f 8400 | fc04 0001 | 488b d848 | 8b84 2498 | 0000 008b | b424 9400 | 0000 8bbc | 2490 0000 
  0x000001e05cc3f8ac: 004c 8b8c | 2488 0000 | 004c 8b84 | 2480 0000 | 0048 8b54 

  0x000001e05cc3f8c0: ;   {metadata(method data for {method} {0x000001e072024e18} 'defineClass' '(Ljava/lang/String;[BIILjava/security/ProtectionDomain;)Ljava/lang/Class;' in 'java/lang/ClassLoader')}
  0x000001e05cc3f8c0: 2478 48b9 | 40ad 9a72 | e001 0000 | 4883 8180 | 0100 0001 | 4c8b da49 | 8bd3 488b | c848 891c 
  0x000001e05cc3f8e0: 2466 0f1f 

  0x000001e05cc3f8e4: ;   {static_call}
  0x000001e05cc3f8e4: 4400 00e8 

  0x000001e05cc3f8e8: ; ImmutableOopMap {[120]=Oop [152]=Oop }
                      ;*invokestatic defineClass1 {reexecute=0 rethrow=0 return_oop=0}
                      ; - java.lang.ClassLoader::defineClass@27
  0x000001e05cc3f8e8: 6cc7 9607 

  0x000001e05cc3f8ec: ;   {other}
  0x000001e05cc3f8ec: 0f1f 8400 | 5c05 0002 | 488b 5424 

  0x000001e05cc3f8f8: ;   {metadata(method data for {method} {0x000001e072024e18} 'defineClass' '(Ljava/lang/String;[BIILjava/security/ProtectionDomain;)Ljava/lang/Class;' in 'java/lang/ClassLoader')}
  0x000001e05cc3f8f8: 7849 b840 | ad9a 72e0 | 0100 0049 | 8380 9001 | 0000 014c | 8bc0 4c8b | 8c24 9800 | 0000 488b 
  0x000001e05cc3f918: 5424 7848 | 8984 24a0 | 0000 000f 

  0x000001e05cc3f924: ;   {optimized virtual_call}
  0x000001e05cc3f924: 1f40 00e8 

  0x000001e05cc3f928: ; ImmutableOopMap {[160]=Oop }
                      ;*invokevirtual postDefineClass {reexecute=0 rethrow=0 return_oop=0}
                      ; - java.lang.ClassLoader::defineClass@37
  0x000001e05cc3f928: f4f1 fdff 

  0x000001e05cc3f92c: ;   {other}
  0x000001e05cc3f92c: 0f1f 8400 | 9c05 0003 | 488b 8424 | a000 0000 | 4881 c4b0 | 0000 005d 

  0x000001e05cc3f944: ;   {poll_return}
  0x000001e05cc3f944: 493b a748 | 0400 000f | 8799 0000 

  0x000001e05cc3f950: ;   {metadata({method} {0x000001e072024e18} 'defineClass' '(Ljava/lang/String;[BIILjava/security/ProtectionDomain;)Ljava/lang/Class;' in 'java/lang/ClassLoader')}
  0x000001e05cc3f950: 00c3 49ba | 104e 0272 | e001 0000 | 4c89 5424 | 0848 c704 | 24ff ffff 

  0x000001e05cc3f968: ;   {runtime_call counter_overflow Runtime1 stub}
  0x000001e05cc3f968: ffe8 12dc 

  0x000001e05cc3f96c: ; ImmutableOopMap {rdx=Oop r8=Oop r9=Oop rcx=Oop [120]=Oop }
                      ;*synchronization entry
                      ; - java.lang.ClassLoader::defineClass@-1
  0x000001e05cc3f96c: 4b07 e997 

  0x000001e05cc3f970: ;   {metadata({method} {0x000001e072024c38} 'defineClassSourceLocation' '(Ljava/security/ProtectionDomain;)Ljava/lang/String;' in 'java/lang/ClassLoader')}
  0x000001e05cc3f970: fcff ff49 | ba30 4c02 | 72e0 0100 | 004c 8954 | 2408 48c7 | 0424 ffff 

  0x000001e05cc3f988: ;   {runtime_call counter_overflow Runtime1 stub}
  0x000001e05cc3f988: ffff e8f1 

  0x000001e05cc3f98c: ; ImmutableOopMap {rax=Oop [120]=Oop [128]=Oop [136]=Oop [152]=Oop }
                      ;*synchronization entry
                      ; - java.lang.ClassLoader::defineClassSourceLocation@-1
                      ; - java.lang.ClassLoader::defineClass@12
  0x000001e05cc3f98c: db4b 07e9 | 10fd ffff 

  0x000001e05cc3f994: ;   {runtime_call throw_null_pointer_exception Runtime1 stub}
  0x000001e05cc3f994: e867 9f42 

  0x000001e05cc3f998: ; ImmutableOopMap {rax=Oop [120]=Oop [128]=Oop [136]=Oop [152]=Oop }
                      ;*invokevirtual getCodeSource {reexecute=0 rethrow=0 return_oop=0}
                      ; - java.lang.ClassLoader::defineClassSourceLocation@1
                      ; - java.lang.ClassLoader::defineClass@12
                      ;   {runtime_call throw_null_pointer_exception Runtime1 stub}
  0x000001e05cc3f998: 07e8 629f 

  0x000001e05cc3f99c: ; ImmutableOopMap {rax=Oop r8=Oop [120]=Oop [128]=Oop [136]=Oop [152]=Oop }
                      ;*invokevirtual getLocation {reexecute=0 rethrow=0 return_oop=0}
                      ; - java.lang.ClassLoader::defineClassSourceLocation@12
                      ; - java.lang.ClassLoader::defineClass@12
                      ;   {runtime_call throw_null_pointer_exception Runtime1 stub}
  0x000001e05cc3f99c: 4207 e85d 

  0x000001e05cc3f9a0: ; ImmutableOopMap {rdx=Oop [120]=Oop [128]=Oop [136]=Oop [152]=Oop }
                      ;*invokevirtual toString {reexecute=0 rethrow=0 return_oop=0}
                      ; - java.lang.ClassLoader::defineClassSourceLocation@22
                      ; - java.lang.ClassLoader::defineClass@12
                      ;   {metadata({method} {0x000001e0720f5cd0} 'toString' '()Ljava/lang/String;' in 'java/net/URL')}
  0x000001e05cc3f9a0: 9f42 0749 | bac8 5c0f | 72e0 0100 | 004c 8954 | 2408 48c7 | 0424 ffff 

  0x000001e05cc3f9b8: ;   {runtime_call counter_overflow Runtime1 stub}
  0x000001e05cc3f9b8: ffff e8c1 

  0x000001e05cc3f9bc: ; ImmutableOopMap {rdx=Oop [120]=Oop [128]=Oop [136]=Oop [152]=Oop }
                      ;*synchronization entry
                      ; - java.net.URL::toString@-1
                      ; - java.lang.ClassLoader::defineClassSourceLocation@22
                      ; - java.lang.ClassLoader::defineClass@12
  0x000001e05cc3f9bc: db4b 07e9 | e7fd ffff 

  0x000001e05cc3f9c4: ;   {metadata({method} {0x000001e0720f5d88} 'toExternalForm' '()Ljava/lang/String;' in 'java/net/URL')}
  0x000001e05cc3f9c4: 49ba 805d | 0f72 e001 | 0000 4c89 | 5424 0848 | c704 24ff 

  0x000001e05cc3f9d8: ;   {runtime_call counter_overflow Runtime1 stub}
  0x000001e05cc3f9d8: ffff ffe8 

  0x000001e05cc3f9dc: ; ImmutableOopMap {rdx=Oop [120]=Oop [128]=Oop [136]=Oop [152]=Oop }
                      ;*synchronization entry
                      ; - java.net.URL::toExternalForm@-1
                      ; - java.net.URL::toString@1
                      ; - java.lang.ClassLoader::defineClassSourceLocation@22
                      ; - java.lang.ClassLoader::defineClass@12
  0x000001e05cc3f9dc: a0db 4b07 | e904 feff 

  0x000001e05cc3f9e4: ;   {runtime_call throw_null_pointer_exception Runtime1 stub}
  0x000001e05cc3f9e4: ffe8 169f 

  0x000001e05cc3f9e8: ; ImmutableOopMap {rdx=Oop rsi=Oop [120]=Oop [128]=Oop [136]=Oop [152]=Oop }
                      ;*invokevirtual toExternalForm {reexecute=0 rethrow=0 return_oop=0}
                      ; - java.net.URL::toExternalForm@5
                      ; - java.net.URL::toString@1
                      ; - java.lang.ClassLoader::defineClassSourceLocation@22
                      ; - java.lang.ClassLoader::defineClass@12
                      ;   {internal_word}
  0x000001e05cc3f9e8: 4207 49ba | 44f9 c35c | e001 0000 | 4d89 9760 

  0x000001e05cc3f9f8: ;   {runtime_call SafepointBlob}
  0x000001e05cc3f9f8: 0400 00e9 | 005a 4007 | 498b 87f8 | 0400 0049 | c787 f804 | 0000 0000 | 0000 49c7 | 8700 0500 
  0x000001e05cc3fa18: 0000 0000 | 0048 81c4 | b000 0000 

  0x000001e05cc3fa24: ;   {runtime_call unwind_exception Runtime1 stub}
  0x000001e05cc3fa24: 5de9 d6ad | 4207 f4f4 | f4f4 f4f4 
[Stub Code]
  0x000001e05cc3fa30: ;   {no_reloc}
  0x000001e05cc3fa30: 0f1f 4400 

  0x000001e05cc3fa34: ;   {static_stub}
  0x000001e05cc3fa34: 0048 bb00 | 0000 0000 

  0x000001e05cc3fa3c: ;   {runtime_call nmethod}
  0x000001e05cc3fa3c: 0000 00e9 | fbff ffff 

  0x000001e05cc3fa44: ;   {static_stub}
  0x000001e05cc3fa44: 48bb 0000 | 0000 0000 

  0x000001e05cc3fa4c: ;   {runtime_call nmethod}
  0x000001e05cc3fa4c: 0000 e9fb 

  0x000001e05cc3fa50: ;   {static_stub}
  0x000001e05cc3fa50: ffff ff48 | bb00 0000 | 0000 0000 

  0x000001e05cc3fa5c: ;   {runtime_call nmethod}
  0x000001e05cc3fa5c: 00e9 fbff 

  0x000001e05cc3fa60: ;   {static_stub}
  0x000001e05cc3fa60: ffff 48bb | 0000 0000 | 0000 0000 

  0x000001e05cc3fa6c: ;   {runtime_call nmethod}
  0x000001e05cc3fa6c: e9fb ffff 

  0x000001e05cc3fa70: ;   {runtime_call handle_exception_from_callee Runtime1 stub}
  0x000001e05cc3fa70: ffe8 8a80 

  0x000001e05cc3fa74: ;   {external_word}
  0x000001e05cc3fa74: 4207 48b9 | b061 6e6e | ff7f 0000 | 4883 e4f0 

  0x000001e05cc3fa84: ;   {runtime_call}
  0x000001e05cc3fa84: 48b8 70cf | 3c6e ff7f | 0000 ffd0 

  0x000001e05cc3fa90: ;   {section_word}
  0x000001e05cc3fa90: f449 ba91 | fac3 5ce0 | 0100 0041 

  0x000001e05cc3fa9c: ;   {runtime_call DeoptimizationBlob}
  0x000001e05cc3fa9c: 52e9 fe4b | 4007 f4f4 | f4f4 f4f4 
[/MachCode]


Compiled method (c1) 4131  812       3       java.security.SecureClassLoader::defineClass (16 bytes)
 total in heap  [0x000001e05cc0bb90,0x000001e05cc0bf90] = 1024
 relocation     [0x000001e05cc0bcf0,0x000001e05cc0bd40] = 80
 main code      [0x000001e05cc0bd40,0x000001e05cc0be98] = 344
 stub code      [0x000001e05cc0be98,0x000001e05cc0bee8] = 80
 metadata       [0x000001e05cc0bee8,0x000001e05cc0bef0] = 8
 scopes data    [0x000001e05cc0bef0,0x000001e05cc0bf38] = 72
 scopes pcs     [0x000001e05cc0bf38,0x000001e05cc0bf88] = 80
 dependencies   [0x000001e05cc0bf88,0x000001e05cc0bf90] = 8

[Constant Pool (empty)]

[MachCode]
[Entry Point]
  # {method} {0x000001e07203d768} 'defineClass' '(Ljava/lang/String;[BIILjava/security/CodeSource;)Ljava/lang/Class;' in 'java/security/SecureClassLoader'
  # this:     rdx:rdx   = 'java/security/SecureClassLoader'
  # parm0:    r8:r8     = 'java/lang/String'
  # parm1:    r9:r9     = '[B'
  # parm2:    rdi       = int
  # parm3:    rsi       = int
  # parm4:    rcx:rcx   = 'java/security/CodeSource'
  #           [sp+0x80]  (sp of caller)
  0x000001e05cc0bd40: 448b 5208 | 49c1 e203 

  0x000001e05cc0bd48: ;   {runtime_call ic_miss_stub}
  0x000001e05cc0bd48: 4c3b d00f | 852f 2a43 | 0766 6666 | 0f1f 8400 | 0000 0000 | 6666 6690 
[Verified Entry Point]
  0x000001e05cc0bd60: 8984 2400 | 80ff ff55 | 4883 ec70 | 4181 7f20 | 0100 0000 

  0x000001e05cc0bd74: ;   {runtime_call StubRoutines (final stubs)}
  0x000001e05cc0bd74: 7405 e885 

  0x000001e05cc0bd78: ;   {metadata(method data for {method} {0x000001e07203d768} 'defineClass' '(Ljava/lang/String;[BIILjava/security/CodeSource;)Ljava/lang/Class;' in 'java/security/SecureClassLoader')}
  0x000001e05cc0bd78: f941 0748 | bb30 b499 | 72e0 0100 | 008b 83cc | 0000 0083 | c002 8983 | cc00 0000 | 25fe 0700 
  0x000001e05cc0bd98: 0085 c00f | 8496 0000 | 0089 7424 | 5c89 7c24 | 584c 894c | 2450 4c89 | 4424 4848 

  0x000001e05cc0bdb4: ;   {metadata(method data for {method} {0x000001e07203d768} 'defineClass' '(Ljava/lang/String;[BIILjava/security/CodeSource;)Ljava/lang/Class;' in 'java/security/SecureClassLoader')}
  0x000001e05cc0bdb4: 8bda 48b8 | 30b4 9972 | e001 0000 | 4883 8010 | 0100 0001 | 4c8b c148 | 8bc2 488b | d048 8944 
  0x000001e05cc0bdd4: ;   {optimized virtual_call}
  0x000001e05cc0bdd4: 2440 90e8 

  0x000001e05cc0bdd8: ; ImmutableOopMap {[64]=Oop [72]=Oop [80]=Oop }
                      ;*invokevirtual getProtectionDomain {reexecute=0 rethrow=0 return_oop=0}
                      ; - java.security.SecureClassLoader::defineClass@9
  0x000001e05cc0bdd8: 441b 0300 

  0x000001e05cc0bddc: ;   {other}
  0x000001e05cc0bddc: 0f1f 8400 | 4c02 0000 | 488b 5424 

  0x000001e05cc0bde8: ;   {metadata(method data for {method} {0x000001e07203d768} 'defineClass' '(Ljava/lang/String;[BIILjava/security/CodeSource;)Ljava/lang/Class;' in 'java/security/SecureClassLoader')}
  0x000001e05cc0bde8: 4049 b830 | b499 72e0 | 0100 0049 | 8380 4801 | 0000 014c | 8b44 2448 | 4c8b 4c24 | 508b 7c24 
  0x000001e05cc0be08: 588b 7424 | 5c48 8bc8 | 488b 5424 

  0x000001e05cc0be14: ;   {optimized virtual_call}
  0x000001e05cc0be14: 4066 90e8 

  0x000001e05cc0be18: ; ImmutableOopMap {}
                      ;*invokevirtual defineClass {reexecute=0 rethrow=0 return_oop=0}
                      ; - java.security.SecureClassLoader::defineClass@12
  0x000001e05cc0be18: a437 0300 

  0x000001e05cc0be1c: ;   {other}
  0x000001e05cc0be1c: 0f1f 8400 | 8c02 0001 | 4883 c470 

  0x000001e05cc0be28: ;   {poll_return}
  0x000001e05cc0be28: 5d49 3ba7 | 4804 0000 | 0f87 2200 

  0x000001e05cc0be34: ;   {metadata({method} {0x000001e07203d768} 'defineClass' '(Ljava/lang/String;[BIILjava/security/CodeSource;)Ljava/lang/Class;' in 'java/security/SecureClassLoader')}
  0x000001e05cc0be34: 0000 c349 | ba60 d703 | 72e0 0100 | 004c 8954 | 2408 48c7 | 0424 ffff 

  0x000001e05cc0be4c: ;   {runtime_call counter_overflow Runtime1 stub}
  0x000001e05cc0be4c: ffff e82d 

  0x000001e05cc0be50: ; ImmutableOopMap {rdx=Oop r8=Oop r9=Oop rcx=Oop }
                      ;*synchronization entry
                      ; - java.security.SecureClassLoader::defineClass@-1
  0x000001e05cc0be50: 174f 07e9 | 49ff ffff 

  0x000001e05cc0be58: ;   {internal_word}
  0x000001e05cc0be58: 49ba 29be | c05c e001 | 0000 4d89 | 9760 0400 

  0x000001e05cc0be68: ;   {runtime_call SafepointBlob}
  0x000001e05cc0be68: 00e9 9295 | 4307 498b | 87f8 0400 | 0049 c787 | f804 0000 | 0000 0000 | 49c7 8700 | 0500 0000 
  0x000001e05cc0be88: 0000 0048 | 83c4 705d 

  0x000001e05cc0be90: ;   {runtime_call unwind_exception Runtime1 stub}
  0x000001e05cc0be90: e96b e945 | 07f4 f4f4 
[Stub Code]
  0x000001e05cc0be98: ;   {no_reloc}
  0x000001e05cc0be98: 48bb 98d9 | 0372 e001 

  0x000001e05cc0bea0: ;   {runtime_call I2C/C2I adapters}
  0x000001e05cc0bea0: 0000 e9b7 

  0x000001e05cc0bea4: ;   {static_stub}
  0x000001e05cc0bea4: 8043 0748 | bb10 4e02 | 72e0 0100 

  0x000001e05cc0beb0: ;   {runtime_call I2C/C2I adapters}
  0x000001e05cc0beb0: 00e9 b66f 

  0x000001e05cc0beb4: ;   {runtime_call handle_exception_from_callee Runtime1 stub}
  0x000001e05cc0beb4: 4207 e845 

  0x000001e05cc0beb8: ;   {external_word}
  0x000001e05cc0beb8: bc45 0748 | b9b0 616e | 6eff 7f00 | 0048 83e4 

  0x000001e05cc0bec8: ;   {runtime_call}
  0x000001e05cc0bec8: f048 b870 | cf3c 6eff | 7f00 00ff 

  0x000001e05cc0bed4: ;   {section_word}
  0x000001e05cc0bed4: d0f4 49ba | d6be c05c | e001 0000 

  0x000001e05cc0bee0: ;   {runtime_call DeoptimizationBlob}
  0x000001e05cc0bee0: 4152 e9b9 | 8743 07f4 
[/MachCode]


---------------  P R O C E S S  ---------------

Threads class SMR info:
_java_thread_list=0x000001e076124f10, length=11, elements={
0x000001e0574d32c0, 0x000001e0714d1080, 0x000001e0714ec9b0, 0x000001e0714ed410,
0x000001e071502950, 0x000001e0715039c0, 0x000001e071504420, 0x000001e071504e80,
0x000001e071505c10, 0x000001e07154edd0, 0x000001e0716c3940
}

Java Threads: ( => current thread )
=>0x000001e0574d32c0 JavaThread "main"                              [_thread_in_vm, id=18060, stack(0x000000041f200000,0x000000041f300000) (1024K)]
  0x000001e0714d1080 JavaThread "Common-Cleaner"             daemon [_thread_blocked, id=17872, stack(0x000000041fa00000,0x000000041fb00000) (1024K)]
  0x000001e0714ec9b0 JavaThread "Reference Handler"          daemon [_thread_blocked, id=13612, stack(0x000000041fb00000,0x000000041fc00000) (1024K)]
  0x000001e0714ed410 JavaThread "Finalizer"                  daemon [_thread_blocked, id=13336, stack(0x000000041fc00000,0x000000041fd00000) (1024K)]
  0x000001e071502950 JavaThread "Signal Dispatcher"          daemon [_thread_blocked, id=3988, stack(0x000000041fd00000,0x000000041fe00000) (1024K)]
  0x000001e0715039c0 JavaThread "Attach Listener"            daemon [_thread_blocked, id=14452, stack(0x000000041fe00000,0x000000041ff00000) (1024K)]
  0x000001e071504420 JavaThread "Service Thread"             daemon [_thread_blocked, id=15516, stack(0x000000041ff00000,0x0000000420000000) (1024K)]
  0x000001e071504e80 JavaThread "Monitor Deflation Thread"   daemon [_thread_blocked, id=2764, stack(0x0000000420000000,0x0000000420100000) (1024K)]
  0x000001e071505c10 JavaThread "C2 CompilerThread0"         daemon [_thread_blocked, id=3824, stack(0x0000000420100000,0x0000000420200000) (1024K)]
  0x000001e07154edd0 JavaThread "C1 CompilerThread0"         daemon [_thread_blocked, id=18984, stack(0x0000000420200000,0x0000000420300000) (1024K)]
  0x000001e0716c3940 JavaThread "Notification Thread"        daemon [_thread_blocked, id=19400, stack(0x0000000420300000,0x0000000420400000) (1024K)]
Total: 11

Other Threads:
  0x000001e0714887f0 VMThread "VM Thread"                           [id=2952, stack(0x000000041f900000,0x000000041fa00000) (1024K)]
  0x000001e0712be830 WatcherThread "VM Periodic Task Thread"        [id=6932, stack(0x000000041f800000,0x000000041f900000) (1024K)]
  0x000001e0599ac960 WorkerThread "GC Thread#0"                     [id=17836, stack(0x000000041f300000,0x000000041f400000) (1024K)]
  0x000001e0764908a0 WorkerThread "GC Thread#1"                     [id=12180, stack(0x0000000420400000,0x0000000420500000) (1024K)]
  0x000001e076531740 WorkerThread "GC Thread#2"                     [id=12296, stack(0x0000000420500000,0x0000000420600000) (1024K)]
  0x000001e076565780 WorkerThread "GC Thread#3"                     [id=19144, stack(0x0000000420600000,0x0000000420700000) (1024K)]
  0x000001e076565b20 WorkerThread "GC Thread#4"                     [id=15424, stack(0x0000000420700000,0x0000000420800000) (1024K)]
  0x000001e0765921f0 WorkerThread "GC Thread#5"                     [id=12672, stack(0x0000000420800000,0x0000000420900000) (1024K)]
  0x000001e0599bd790 ConcurrentGCThread "G1 Main Marker"            [id=18864, stack(0x000000041f400000,0x000000041f500000) (1024K)]
  0x000001e0599bf0d0 WorkerThread "G1 Conc#0"                       [id=15708, stack(0x000000041f500000,0x000000041f600000) (1024K)]
  0x000001e07118f960 ConcurrentGCThread "G1 Refine#0"               [id=14408, stack(0x000000041f600000,0x000000041f700000) (1024K)]
  0x000001e0711931a0 ConcurrentGCThread "G1 Service"                [id=15840, stack(0x000000041f700000,0x000000041f800000) (1024K)]
Total: 12

Threads with active compile tasks:
Total: 0

VM state: not at safepoint (normal execution)

VM Mutex/Monitor currently owned by a thread:  ([mutex/lock_event])
[0x00007fff6e956490] Metaspace_lock - owner thread: 0x000001e0574d32c0

Heap address: 0x0000000084e00000, size: 1970 MB, Compressed Oops mode: 32-bit

CDS archive(s) not mapped
Compressed class space mapped at: 0x0000000100000000-0x0000000140000000, reserved size: 1073741824
Narrow klass base: 0x0000000000000000, Narrow klass shift: 3, Narrow klass range: 0x140000000

GC Precious Log:
 CardTable entry size: 512
 Card Set container configuration: InlinePtr #cards 5 size 8 Array Of Cards #cards 12 size 40 Howl #buckets 4 coarsen threshold 1843 Howl Bitmap #cards 512 size 80 coarsen threshold 460 Card regions per heap region 1 cards per card region 2048
 CPUs: 12 total, 12 available
 Memory: 7876M
 Large Page Support: Disabled
 NUMA Support: Disabled
 Compressed Oops: Enabled (32-bit)
 Heap Region Size: 1M
 Heap Min Capacity: 8M
 Heap Initial Capacity: 124M
 Heap Max Capacity: 1970M
 Pre-touch: Disabled
 Parallel Workers: 10
 Concurrent Workers: 3
 Concurrent Refinement Workers: 10
 Periodic GC: Disabled

Heap:
 garbage-first heap   total 126976K, used 7168K [0x0000000084e00000, 0x0000000100000000)
  region size 1024K, 4 young (4096K), 3 survivors (3072K)
 Metaspace       used 14404K, committed 14528K, reserved 1114112K
  class space    used 1387K, committed 1472K, reserved 1048576K

Heap Regions: E=young(eden), S=young(survivor), O=old, HS=humongous(starts), HC=humongous(continues), CS=collection set, F=free, TAMS=top-at-mark-start, PB=parsable bottom
|   0|0x0000000084e00000, 0x0000000084f00000, 0x0000000084f00000|100%|HS|  |TAMS 0x0000000084e00000| PB 0x0000000084e00000| Complete 
|   1|0x0000000084f00000, 0x0000000085000000, 0x0000000085000000|100%|HC|  |TAMS 0x0000000084f00000| PB 0x0000000084f00000| Complete 
|   2|0x0000000085000000, 0x0000000085100000, 0x0000000085100000|100%|HC|  |TAMS 0x0000000085000000| PB 0x0000000085000000| Complete 
|   3|0x0000000085100000, 0x0000000085200000, 0x0000000085200000|100%|HC|  |TAMS 0x0000000085100000| PB 0x0000000085100000| Complete 
|   4|0x0000000085200000, 0x0000000085200000, 0x0000000085300000|  0%| F|  |TAMS 0x0000000085200000| PB 0x0000000085200000| Untracked 
|   5|0x0000000085300000, 0x0000000085300000, 0x0000000085400000|  0%| F|  |TAMS 0x0000000085300000| PB 0x0000000085300000| Untracked 
|   6|0x0000000085400000, 0x0000000085400000, 0x0000000085500000|  0%| F|  |TAMS 0x0000000085400000| PB 0x0000000085400000| Untracked 
|   7|0x0000000085500000, 0x0000000085500000, 0x0000000085600000|  0%| F|  |TAMS 0x0000000085500000| PB 0x0000000085500000| Untracked 
|   8|0x0000000085600000, 0x0000000085600000, 0x0000000085700000|  0%| F|  |TAMS 0x0000000085600000| PB 0x0000000085600000| Untracked 
|   9|0x0000000085700000, 0x0000000085700000, 0x0000000085800000|  0%| F|  |TAMS 0x0000000085700000| PB 0x0000000085700000| Untracked 
|  10|0x0000000085800000, 0x0000000085800000, 0x0000000085900000|  0%| F|  |TAMS 0x0000000085800000| PB 0x0000000085800000| Untracked 
|  11|0x0000000085900000, 0x0000000085900000, 0x0000000085a00000|  0%| F|  |TAMS 0x0000000085900000| PB 0x0000000085900000| Untracked 
|  12|0x0000000085a00000, 0x0000000085a00000, 0x0000000085b00000|  0%| F|  |TAMS 0x0000000085a00000| PB 0x0000000085a00000| Untracked 
|  13|0x0000000085b00000, 0x0000000085b00000, 0x0000000085c00000|  0%| F|  |TAMS 0x0000000085b00000| PB 0x0000000085b00000| Untracked 
|  14|0x0000000085c00000, 0x0000000085c00000, 0x0000000085d00000|  0%| F|  |TAMS 0x0000000085c00000| PB 0x0000000085c00000| Untracked 
|  15|0x0000000085d00000, 0x0000000085d00000, 0x0000000085e00000|  0%| F|  |TAMS 0x0000000085d00000| PB 0x0000000085d00000| Untracked 
|  16|0x0000000085e00000, 0x0000000085e00000, 0x0000000085f00000|  0%| F|  |TAMS 0x0000000085e00000| PB 0x0000000085e00000| Untracked 
|  17|0x0000000085f00000, 0x0000000085f00000, 0x0000000086000000|  0%| F|  |TAMS 0x0000000085f00000| PB 0x0000000085f00000| Untracked 
|  18|0x0000000086000000, 0x0000000086000000, 0x0000000086100000|  0%| F|  |TAMS 0x0000000086000000| PB 0x0000000086000000| Untracked 
|  19|0x0000000086100000, 0x0000000086100000, 0x0000000086200000|  0%| F|  |TAMS 0x0000000086100000| PB 0x0000000086100000| Untracked 
|  20|0x0000000086200000, 0x0000000086200000, 0x0000000086300000|  0%| F|  |TAMS 0x0000000086200000| PB 0x0000000086200000| Untracked 
|  21|0x0000000086300000, 0x0000000086300000, 0x0000000086400000|  0%| F|  |TAMS 0x0000000086300000| PB 0x0000000086300000| Untracked 
|  22|0x0000000086400000, 0x0000000086400000, 0x0000000086500000|  0%| F|  |TAMS 0x0000000086400000| PB 0x0000000086400000| Untracked 
|  23|0x0000000086500000, 0x0000000086500000, 0x0000000086600000|  0%| F|  |TAMS 0x0000000086500000| PB 0x0000000086500000| Untracked 
|  24|0x0000000086600000, 0x0000000086600000, 0x0000000086700000|  0%| F|  |TAMS 0x0000000086600000| PB 0x0000000086600000| Untracked 
|  25|0x0000000086700000, 0x0000000086700000, 0x0000000086800000|  0%| F|  |TAMS 0x0000000086700000| PB 0x0000000086700000| Untracked 
|  26|0x0000000086800000, 0x0000000086800000, 0x0000000086900000|  0%| F|  |TAMS 0x0000000086800000| PB 0x0000000086800000| Untracked 
|  27|0x0000000086900000, 0x0000000086900000, 0x0000000086a00000|  0%| F|  |TAMS 0x0000000086900000| PB 0x0000000086900000| Untracked 
|  28|0x0000000086a00000, 0x0000000086a00000, 0x0000000086b00000|  0%| F|  |TAMS 0x0000000086a00000| PB 0x0000000086a00000| Untracked 
|  29|0x0000000086b00000, 0x0000000086b00000, 0x0000000086c00000|  0%| F|  |TAMS 0x0000000086b00000| PB 0x0000000086b00000| Untracked 
|  30|0x0000000086c00000, 0x0000000086c00000, 0x0000000086d00000|  0%| F|  |TAMS 0x0000000086c00000| PB 0x0000000086c00000| Untracked 
|  31|0x0000000086d00000, 0x0000000086d00000, 0x0000000086e00000|  0%| F|  |TAMS 0x0000000086d00000| PB 0x0000000086d00000| Untracked 
|  32|0x0000000086e00000, 0x0000000086e00000, 0x0000000086f00000|  0%| F|  |TAMS 0x0000000086e00000| PB 0x0000000086e00000| Untracked 
|  33|0x0000000086f00000, 0x0000000086f00000, 0x0000000087000000|  0%| F|  |TAMS 0x0000000086f00000| PB 0x0000000086f00000| Untracked 
|  34|0x0000000087000000, 0x0000000087000000, 0x0000000087100000|  0%| F|  |TAMS 0x0000000087000000| PB 0x0000000087000000| Untracked 
|  35|0x0000000087100000, 0x0000000087100000, 0x0000000087200000|  0%| F|  |TAMS 0x0000000087100000| PB 0x0000000087100000| Untracked 
|  36|0x0000000087200000, 0x0000000087200000, 0x0000000087300000|  0%| F|  |TAMS 0x0000000087200000| PB 0x0000000087200000| Untracked 
|  37|0x0000000087300000, 0x0000000087300000, 0x0000000087400000|  0%| F|  |TAMS 0x0000000087300000| PB 0x0000000087300000| Untracked 
|  38|0x0000000087400000, 0x0000000087400000, 0x0000000087500000|  0%| F|  |TAMS 0x0000000087400000| PB 0x0000000087400000| Untracked 
|  39|0x0000000087500000, 0x0000000087500000, 0x0000000087600000|  0%| F|  |TAMS 0x0000000087500000| PB 0x0000000087500000| Untracked 
|  40|0x0000000087600000, 0x0000000087600000, 0x0000000087700000|  0%| F|  |TAMS 0x0000000087600000| PB 0x0000000087600000| Untracked 
|  41|0x0000000087700000, 0x0000000087700000, 0x0000000087800000|  0%| F|  |TAMS 0x0000000087700000| PB 0x0000000087700000| Untracked 
|  42|0x0000000087800000, 0x0000000087800000, 0x0000000087900000|  0%| F|  |TAMS 0x0000000087800000| PB 0x0000000087800000| Untracked 
|  43|0x0000000087900000, 0x0000000087900000, 0x0000000087a00000|  0%| F|  |TAMS 0x0000000087900000| PB 0x0000000087900000| Untracked 
|  44|0x0000000087a00000, 0x0000000087a00000, 0x0000000087b00000|  0%| F|  |TAMS 0x0000000087a00000| PB 0x0000000087a00000| Untracked 
|  45|0x0000000087b00000, 0x0000000087b00000, 0x0000000087c00000|  0%| F|  |TAMS 0x0000000087b00000| PB 0x0000000087b00000| Untracked 
|  46|0x0000000087c00000, 0x0000000087c00000, 0x0000000087d00000|  0%| F|  |TAMS 0x0000000087c00000| PB 0x0000000087c00000| Untracked 
|  47|0x0000000087d00000, 0x0000000087d00000, 0x0000000087e00000|  0%| F|  |TAMS 0x0000000087d00000| PB 0x0000000087d00000| Untracked 
|  48|0x0000000087e00000, 0x0000000087e00000, 0x0000000087f00000|  0%| F|  |TAMS 0x0000000087e00000| PB 0x0000000087e00000| Untracked 
|  49|0x0000000087f00000, 0x0000000087f00000, 0x0000000088000000|  0%| F|  |TAMS 0x0000000087f00000| PB 0x0000000087f00000| Untracked 
|  50|0x0000000088000000, 0x0000000088000000, 0x0000000088100000|  0%| F|  |TAMS 0x0000000088000000| PB 0x0000000088000000| Untracked 
|  51|0x0000000088100000, 0x0000000088100000, 0x0000000088200000|  0%| F|  |TAMS 0x0000000088100000| PB 0x0000000088100000| Untracked 
|  52|0x0000000088200000, 0x0000000088200000, 0x0000000088300000|  0%| F|  |TAMS 0x0000000088200000| PB 0x0000000088200000| Untracked 
|  53|0x0000000088300000, 0x0000000088300000, 0x0000000088400000|  0%| F|  |TAMS 0x0000000088300000| PB 0x0000000088300000| Untracked 
|  54|0x0000000088400000, 0x0000000088400000, 0x0000000088500000|  0%| F|  |TAMS 0x0000000088400000| PB 0x0000000088400000| Untracked 
|  55|0x0000000088500000, 0x0000000088500000, 0x0000000088600000|  0%| F|  |TAMS 0x0000000088500000| PB 0x0000000088500000| Untracked 
|  56|0x0000000088600000, 0x0000000088600000, 0x0000000088700000|  0%| F|  |TAMS 0x0000000088600000| PB 0x0000000088600000| Untracked 
|  57|0x0000000088700000, 0x0000000088700000, 0x0000000088800000|  0%| F|  |TAMS 0x0000000088700000| PB 0x0000000088700000| Untracked 
|  58|0x0000000088800000, 0x0000000088800000, 0x0000000088900000|  0%| F|  |TAMS 0x0000000088800000| PB 0x0000000088800000| Untracked 
|  59|0x0000000088900000, 0x0000000088900000, 0x0000000088a00000|  0%| F|  |TAMS 0x0000000088900000| PB 0x0000000088900000| Untracked 
|  60|0x0000000088a00000, 0x0000000088a00000, 0x0000000088b00000|  0%| F|  |TAMS 0x0000000088a00000| PB 0x0000000088a00000| Untracked 
|  61|0x0000000088b00000, 0x0000000088b00000, 0x0000000088c00000|  0%| F|  |TAMS 0x0000000088b00000| PB 0x0000000088b00000| Untracked 
|  62|0x0000000088c00000, 0x0000000088c00000, 0x0000000088d00000|  0%| F|  |TAMS 0x0000000088c00000| PB 0x0000000088c00000| Untracked 
|  63|0x0000000088d00000, 0x0000000088d00000, 0x0000000088e00000|  0%| F|  |TAMS 0x0000000088d00000| PB 0x0000000088d00000| Untracked 
|  64|0x0000000088e00000, 0x0000000088e00000, 0x0000000088f00000|  0%| F|  |TAMS 0x0000000088e00000| PB 0x0000000088e00000| Untracked 
|  65|0x0000000088f00000, 0x0000000088f00000, 0x0000000089000000|  0%| F|  |TAMS 0x0000000088f00000| PB 0x0000000088f00000| Untracked 
|  66|0x0000000089000000, 0x0000000089000000, 0x0000000089100000|  0%| F|  |TAMS 0x0000000089000000| PB 0x0000000089000000| Untracked 
|  67|0x0000000089100000, 0x0000000089100000, 0x0000000089200000|  0%| F|  |TAMS 0x0000000089100000| PB 0x0000000089100000| Untracked 
|  68|0x0000000089200000, 0x0000000089200000, 0x0000000089300000|  0%| F|  |TAMS 0x0000000089200000| PB 0x0000000089200000| Untracked 
|  69|0x0000000089300000, 0x0000000089300000, 0x0000000089400000|  0%| F|  |TAMS 0x0000000089300000| PB 0x0000000089300000| Untracked 
|  70|0x0000000089400000, 0x0000000089400000, 0x0000000089500000|  0%| F|  |TAMS 0x0000000089400000| PB 0x0000000089400000| Untracked 
|  71|0x0000000089500000, 0x0000000089500000, 0x0000000089600000|  0%| F|  |TAMS 0x0000000089500000| PB 0x0000000089500000| Untracked 
|  72|0x0000000089600000, 0x0000000089600000, 0x0000000089700000|  0%| F|  |TAMS 0x0000000089600000| PB 0x0000000089600000| Untracked 
|  73|0x0000000089700000, 0x0000000089700000, 0x0000000089800000|  0%| F|  |TAMS 0x0000000089700000| PB 0x0000000089700000| Untracked 
|  74|0x0000000089800000, 0x0000000089800000, 0x0000000089900000|  0%| F|  |TAMS 0x0000000089800000| PB 0x0000000089800000| Untracked 
|  75|0x0000000089900000, 0x0000000089900000, 0x0000000089a00000|  0%| F|  |TAMS 0x0000000089900000| PB 0x0000000089900000| Untracked 
|  76|0x0000000089a00000, 0x0000000089a00000, 0x0000000089b00000|  0%| F|  |TAMS 0x0000000089a00000| PB 0x0000000089a00000| Untracked 
|  77|0x0000000089b00000, 0x0000000089b00000, 0x0000000089c00000|  0%| F|  |TAMS 0x0000000089b00000| PB 0x0000000089b00000| Untracked 
|  78|0x0000000089c00000, 0x0000000089c00000, 0x0000000089d00000|  0%| F|  |TAMS 0x0000000089c00000| PB 0x0000000089c00000| Untracked 
|  79|0x0000000089d00000, 0x0000000089d00000, 0x0000000089e00000|  0%| F|  |TAMS 0x0000000089d00000| PB 0x0000000089d00000| Untracked 
|  80|0x0000000089e00000, 0x0000000089e00000, 0x0000000089f00000|  0%| F|  |TAMS 0x0000000089e00000| PB 0x0000000089e00000| Untracked 
|  81|0x0000000089f00000, 0x0000000089f00000, 0x000000008a000000|  0%| F|  |TAMS 0x0000000089f00000| PB 0x0000000089f00000| Untracked 
|  82|0x000000008a000000, 0x000000008a000000, 0x000000008a100000|  0%| F|  |TAMS 0x000000008a000000| PB 0x000000008a000000| Untracked 
|  83|0x000000008a100000, 0x000000008a100000, 0x000000008a200000|  0%| F|  |TAMS 0x000000008a100000| PB 0x000000008a100000| Untracked 
|  84|0x000000008a200000, 0x000000008a200000, 0x000000008a300000|  0%| F|  |TAMS 0x000000008a200000| PB 0x000000008a200000| Untracked 
|  85|0x000000008a300000, 0x000000008a300000, 0x000000008a400000|  0%| F|  |TAMS 0x000000008a300000| PB 0x000000008a300000| Untracked 
|  86|0x000000008a400000, 0x000000008a400000, 0x000000008a500000|  0%| F|  |TAMS 0x000000008a400000| PB 0x000000008a400000| Untracked 
|  87|0x000000008a500000, 0x000000008a500000, 0x000000008a600000|  0%| F|  |TAMS 0x000000008a500000| PB 0x000000008a500000| Untracked 
|  88|0x000000008a600000, 0x000000008a600000, 0x000000008a700000|  0%| F|  |TAMS 0x000000008a600000| PB 0x000000008a600000| Untracked 
|  89|0x000000008a700000, 0x000000008a700000, 0x000000008a800000|  0%| F|  |TAMS 0x000000008a700000| PB 0x000000008a700000| Untracked 
|  90|0x000000008a800000, 0x000000008a800000, 0x000000008a900000|  0%| F|  |TAMS 0x000000008a800000| PB 0x000000008a800000| Untracked 
|  91|0x000000008a900000, 0x000000008a900000, 0x000000008aa00000|  0%| F|  |TAMS 0x000000008a900000| PB 0x000000008a900000| Untracked 
|  92|0x000000008aa00000, 0x000000008aa00000, 0x000000008ab00000|  0%| F|  |TAMS 0x000000008aa00000| PB 0x000000008aa00000| Untracked 
|  93|0x000000008ab00000, 0x000000008ab00000, 0x000000008ac00000|  0%| F|  |TAMS 0x000000008ab00000| PB 0x000000008ab00000| Untracked 
|  94|0x000000008ac00000, 0x000000008ac00000, 0x000000008ad00000|  0%| F|  |TAMS 0x000000008ac00000| PB 0x000000008ac00000| Untracked 
|  95|0x000000008ad00000, 0x000000008ad00000, 0x000000008ae00000|  0%| F|  |TAMS 0x000000008ad00000| PB 0x000000008ad00000| Untracked 
|  96|0x000000008ae00000, 0x000000008ae00000, 0x000000008af00000|  0%| F|  |TAMS 0x000000008ae00000| PB 0x000000008ae00000| Untracked 
|  97|0x000000008af00000, 0x000000008af00000, 0x000000008b000000|  0%| F|  |TAMS 0x000000008af00000| PB 0x000000008af00000| Untracked 
|  98|0x000000008b000000, 0x000000008b100000, 0x000000008b100000|100%| S|CS|TAMS 0x000000008b000000| PB 0x000000008b000000| Complete 
|  99|0x000000008b100000, 0x000000008b200000, 0x000000008b200000|100%| S|CS|TAMS 0x000000008b100000| PB 0x000000008b100000| Complete 
| 100|0x000000008b200000, 0x000000008b300000, 0x000000008b300000|100%| S|CS|TAMS 0x000000008b200000| PB 0x000000008b200000| Complete 
| 101|0x000000008b300000, 0x000000008b300000, 0x000000008b400000|  0%| F|  |TAMS 0x000000008b300000| PB 0x000000008b300000| Untracked 
| 102|0x000000008b400000, 0x000000008b400000, 0x000000008b500000|  0%| F|  |TAMS 0x000000008b400000| PB 0x000000008b400000| Untracked 
| 103|0x000000008b500000, 0x000000008b500000, 0x000000008b600000|  0%| F|  |TAMS 0x000000008b500000| PB 0x000000008b500000| Untracked 
| 104|0x000000008b600000, 0x000000008b600000, 0x000000008b700000|  0%| F|  |TAMS 0x000000008b600000| PB 0x000000008b600000| Untracked 
| 105|0x000000008b700000, 0x000000008b700000, 0x000000008b800000|  0%| F|  |TAMS 0x000000008b700000| PB 0x000000008b700000| Untracked 
| 106|0x000000008b800000, 0x000000008b800000, 0x000000008b900000|  0%| F|  |TAMS 0x000000008b800000| PB 0x000000008b800000| Untracked 
| 107|0x000000008b900000, 0x000000008b900000, 0x000000008ba00000|  0%| F|  |TAMS 0x000000008b900000| PB 0x000000008b900000| Untracked 
| 108|0x000000008ba00000, 0x000000008ba00000, 0x000000008bb00000|  0%| F|  |TAMS 0x000000008ba00000| PB 0x000000008ba00000| Untracked 
| 109|0x000000008bb00000, 0x000000008bb00000, 0x000000008bc00000|  0%| F|  |TAMS 0x000000008bb00000| PB 0x000000008bb00000| Untracked 
| 110|0x000000008bc00000, 0x000000008bc00000, 0x000000008bd00000|  0%| F|  |TAMS 0x000000008bc00000| PB 0x000000008bc00000| Untracked 
| 111|0x000000008bd00000, 0x000000008bd00000, 0x000000008be00000|  0%| F|  |TAMS 0x000000008bd00000| PB 0x000000008bd00000| Untracked 
| 112|0x000000008be00000, 0x000000008be00000, 0x000000008bf00000|  0%| F|  |TAMS 0x000000008be00000| PB 0x000000008be00000| Untracked 
| 113|0x000000008bf00000, 0x000000008bf00000, 0x000000008c000000|  0%| F|  |TAMS 0x000000008bf00000| PB 0x000000008bf00000| Untracked 
| 114|0x000000008c000000, 0x000000008c000000, 0x000000008c100000|  0%| F|  |TAMS 0x000000008c000000| PB 0x000000008c000000| Untracked 
| 115|0x000000008c100000, 0x000000008c100000, 0x000000008c200000|  0%| F|  |TAMS 0x000000008c100000| PB 0x000000008c100000| Untracked 
| 116|0x000000008c200000, 0x000000008c200000, 0x000000008c300000|  0%| F|  |TAMS 0x000000008c200000| PB 0x000000008c200000| Untracked 
| 117|0x000000008c300000, 0x000000008c300000, 0x000000008c400000|  0%| F|  |TAMS 0x000000008c300000| PB 0x000000008c300000| Untracked 
| 118|0x000000008c400000, 0x000000008c400000, 0x000000008c500000|  0%| F|  |TAMS 0x000000008c400000| PB 0x000000008c400000| Untracked 
| 119|0x000000008c500000, 0x000000008c500000, 0x000000008c600000|  0%| F|  |TAMS 0x000000008c500000| PB 0x000000008c500000| Untracked 
| 120|0x000000008c600000, 0x000000008c600000, 0x000000008c700000|  0%| F|  |TAMS 0x000000008c600000| PB 0x000000008c600000| Untracked 
| 121|0x000000008c700000, 0x000000008c700000, 0x000000008c800000|  0%| F|  |TAMS 0x000000008c700000| PB 0x000000008c700000| Untracked 
| 122|0x000000008c800000, 0x000000008c800000, 0x000000008c900000|  0%| F|  |TAMS 0x000000008c800000| PB 0x000000008c800000| Untracked 
| 123|0x000000008c900000, 0x000000008c9a9388, 0x000000008ca00000| 66%| E|  |TAMS 0x000000008c900000| PB 0x000000008c900000| Complete 

Card table byte_map: [0x000001e06c3f0000,0x000001e06c7d0000] _byte_map_base: 0x000001e06bfc9000

Marking Bits: (CMBitMap*) 0x000001e0599ad870
 Bits: [0x000001e06c7d0000, 0x000001e06e698000)

Polling page: 0x000001e057800000

Metaspace:

Usage:
  Non-class:     12.71 MB used.
      Class:      1.36 MB used.
       Both:     14.07 MB used.

Virtual space:
  Non-class space:       64.00 MB reserved,      12.75 MB ( 20%) committed,  1 nodes.
      Class space:        1.00 GB reserved,       1.44 MB ( <1%) committed,  1 nodes.
             Both:        1.06 GB reserved,      14.19 MB (  1%) committed. 

Chunk freelists:
   Non-Class:  3.23 MB
       Class:  14.41 MB
        Both:  17.64 MB

MaxMetaspaceSize: unlimited
CompressedClassSpaceSize: 1.00 GB
Initial GC threshold: 21.00 MB
Current GC threshold: 21.00 MB
CDS: off
 - commit_granule_bytes: 65536.
 - commit_granule_words: 8192.
 - virtual_space_node_default_size: 8388608.
 - enlarge_chunks_in_place: 1.
 - use_allocation_guard: 0.


Internal statistics:

num_allocs_failed_limit: 0.
num_arena_births: 38.
num_arena_deaths: 0.
num_vsnodes_births: 2.
num_vsnodes_deaths: 0.
num_space_committed: 227.
num_space_uncommitted: 0.
num_chunks_returned_to_freelist: 0.
num_chunks_taken_from_freelist: 260.
num_chunk_merges: 0.
num_chunk_splits: 208.
num_chunks_enlarged: 186.
num_inconsistent_stats: 0.

CodeHeap 'non-profiled nmethods': size=120000Kb used=260Kb max_used=260Kb free=119739Kb
 bounds [0x000001e064590000, 0x000001e064800000, 0x000001e06bac0000]
CodeHeap 'profiled nmethods': size=120000Kb used=1582Kb max_used=1582Kb free=118417Kb
 bounds [0x000001e05cac0000, 0x000001e05cd30000, 0x000001e063ff0000]
CodeHeap 'non-nmethods': size=5760Kb used=1275Kb max_used=1289Kb free=4485Kb
 bounds [0x000001e063ff0000, 0x000001e064260000, 0x000001e064590000]
CodeCache: size=245760Kb, used=3117Kb, max_used=3131Kb, free=242641Kb
 total_blobs=1393, nmethods=932, adapters=366, full_count=0
Compilation: enabled, stopped_count=0, restarted_count=0

Compilation events (20 events):
Event: 3.688 Thread 0x000001e071505c10  923       4       java.util.concurrent.ConcurrentHashMap::get (162 bytes)
Event: 3.696 Thread 0x000001e071505c10 nmethod 923 0x000001e0645cdf10 code [0x000001e0645ce0c0, 0x000001e0645ce3e0]
Event: 3.710 Thread 0x000001e071505c10  924       4       java.util.concurrent.ConcurrentHashMap::setTabAt (20 bytes)
Event: 3.713 Thread 0x000001e071505c10 nmethod 924 0x000001e0645ce690 code [0x000001e0645ce820, 0x000001e0645ce958]
Event: 3.715 Thread 0x000001e07154edd0  925       3       java.lang.Long::<init> (10 bytes)
Event: 3.716 Thread 0x000001e07154edd0 nmethod 925 0x000001e05cc4b610 code [0x000001e05cc4b7c0, 0x000001e05cc4b988]
Event: 3.812 Thread 0x000001e071505c10  926       4       java.lang.StringLatin1::indexOf (121 bytes)
Event: 3.828 Thread 0x000001e071505c10 nmethod 926 0x000001e0645cea10 code [0x000001e0645cebc0, 0x000001e0645cf0f8]
Event: 3.828 Thread 0x000001e071505c10  927       4       sun.net.www.ParseUtil::firstEncodeIndex (86 bytes)
Event: 3.834 Thread 0x000001e071505c10 nmethod 927 0x000001e0645cf390 code [0x000001e0645cf540, 0x000001e0645cf780]
Event: 3.881 Thread 0x000001e071505c10  928   !   4       jdk.internal.misc.Blocker::begin (97 bytes)
Event: 3.883 Thread 0x000001e071505c10 nmethod 928 0x000001e0645cf990 code [0x000001e0645cfb20, 0x000001e0645cfbe8]
Event: 3.885 Thread 0x000001e071505c10  929       4       jdk.internal.misc.Blocker::end (71 bytes)
Event: 3.886 Thread 0x000001e071505c10 nmethod 929 0x000001e0645cfd10 code [0x000001e0645cfea0, 0x000001e0645cff38]
Event: 3.889 Thread 0x000001e071505c10  930       4       java.lang.String::startsWith (123 bytes)
Event: 3.898 Thread 0x000001e071505c10 nmethod 930 0x000001e0645d0010 code [0x000001e0645d01c0, 0x000001e0645d04e0]
Event: 3.898 Thread 0x000001e071505c10  931       4       jdk.internal.util.ArraysSupport::mismatch (103 bytes)
Event: 3.904 Thread 0x000001e071505c10 nmethod 931 0x000001e0645d0790 code [0x000001e0645d0920, 0x000001e0645d0b90]
Event: 3.943 Thread 0x000001e071505c10  932       4       java.nio.Buffer::position (52 bytes)
Event: 3.945 Thread 0x000001e071505c10 nmethod 932 0x000001e0645d0d90 code [0x000001e0645d0f20, 0x000001e0645d1020]

GC Heap History (2 events):
Event: 3.904 GC heap before
{Heap before GC invocations=0 (full 0):
 garbage-first heap   total 126976K, used 27648K [0x0000000084e00000, 0x0000000100000000)
  region size 1024K, 23 young (23552K), 0 survivors (0K)
 Metaspace       used 14323K, committed 14464K, reserved 1114112K
  class space    used 1375K, committed 1472K, reserved 1048576K
}
Event: 3.924 GC heap after
{Heap after GC invocations=1 (full 0):
 garbage-first heap   total 126976K, used 7168K [0x0000000084e00000, 0x0000000100000000)
  region size 1024K, 3 young (3072K), 3 survivors (3072K)
 Metaspace       used 14323K, committed 14464K, reserved 1114112K
  class space    used 1375K, committed 1472K, reserved 1048576K
}

Dll operation events (2 events):
Event: 0.069 Loaded shared library C:\Program Files\Android\Android Studio\jbr\bin\java.dll
Event: 0.111 Loaded shared library C:\Program Files\Android\Android Studio\jbr\bin\zip.dll

Deoptimization events (20 events):
Event: 1.995 Thread 0x000001e0574d32c0 Uncommon trap: trap_request=0xffffff6e fr.pc=0x000001e0645a7484 relative=0x0000000000000164
Event: 1.995 Thread 0x000001e0574d32c0 Uncommon trap: reason=loop_limit_check action=maybe_recompile pc=0x000001e0645a7484 method=java.lang.StringLatin1.lastIndexOf([BII)I @ 19 c2
Event: 1.995 Thread 0x000001e0574d32c0 DEOPT PACKING pc=0x000001e0645a7484 sp=0x000000041f2fc3b0
Event: 1.995 Thread 0x000001e0574d32c0 DEOPT UNPACKING pc=0x000001e0640443a2 sp=0x000000041f2fc330 mode 2
Event: 3.558 Thread 0x000001e0574d32c0 Uncommon trap: trap_request=0xffffff45 fr.pc=0x000001e0645b05f8 relative=0x0000000000000158
Event: 3.558 Thread 0x000001e0574d32c0 Uncommon trap: reason=unstable_if action=reinterpret pc=0x000001e0645b05f8 method=java.util.concurrent.locks.ReentrantLock$NonfairSync.initialTryLock()Z @ 10 c2
Event: 3.558 Thread 0x000001e0574d32c0 DEOPT PACKING pc=0x000001e0645b05f8 sp=0x000000041f2fd220
Event: 3.558 Thread 0x000001e0574d32c0 DEOPT UNPACKING pc=0x000001e0640443a2 sp=0x000000041f2fd1c8 mode 2
Event: 3.641 Thread 0x000001e0574d32c0 Uncommon trap: trap_request=0xffffff45 fr.pc=0x000001e0645afe6c relative=0x00000000000000cc
Event: 3.641 Thread 0x000001e0574d32c0 Uncommon trap: reason=unstable_if action=reinterpret pc=0x000001e0645afe6c method=java.util.concurrent.locks.ReentrantLock$Sync.tryRelease(I)Z @ 26 c2
Event: 3.641 Thread 0x000001e0574d32c0 DEOPT PACKING pc=0x000001e0645afe6c sp=0x000000041f2fd220
Event: 3.641 Thread 0x000001e0574d32c0 DEOPT UNPACKING pc=0x000001e0640443a2 sp=0x000000041f2fd1c0 mode 2
Event: 3.812 Thread 0x000001e0574d32c0 DEOPT PACKING pc=0x000001e05cb18ac5 sp=0x000000041f2fc360
Event: 3.812 Thread 0x000001e0574d32c0 DEOPT UNPACKING pc=0x000001e064044b42 sp=0x000000041f2fb7b0 mode 0
Event: 3.822 Thread 0x000001e0574d32c0 DEOPT PACKING pc=0x000001e05cb22ebd sp=0x000000041f2f9f60
Event: 3.822 Thread 0x000001e0574d32c0 DEOPT UNPACKING pc=0x000001e064044b42 sp=0x000000041f2f9468 mode 0
Event: 3.924 Thread 0x000001e0714ec9b0 Uncommon trap: trap_request=0xffffff45 fr.pc=0x000001e0645b01e0 relative=0x0000000000000040
Event: 3.924 Thread 0x000001e0714ec9b0 Uncommon trap: reason=unstable_if action=reinterpret pc=0x000001e0645b01e0 method=java.util.concurrent.locks.AbstractQueuedSynchronizer.signalNext(Ljava/util/concurrent/locks/AbstractQueuedSynchronizer$Node;)V @ 1 c2
Event: 3.924 Thread 0x000001e0714ec9b0 DEOPT PACKING pc=0x000001e0645b01e0 sp=0x000000041fbff1a0
Event: 3.924 Thread 0x000001e0714ec9b0 DEOPT UNPACKING pc=0x000001e0640443a2 sp=0x000000041fbff130 mode 2

Classes loaded (20 events):
Event: 3.150 Loading class java/util/ServiceLoader$ProviderImpl
Event: 3.150 Loading class java/util/ServiceLoader$Provider
Event: 3.150 Loading class java/util/ServiceLoader$Provider done
Event: 3.150 Loading class java/util/ServiceLoader$ProviderImpl done
Event: 3.552 Loading class java/util/Collections$UnmodifiableList
Event: 3.553 Loading class java/util/Collections$UnmodifiableCollection
Event: 3.554 Loading class java/util/Collections$UnmodifiableCollection done
Event: 3.554 Loading class java/util/Collections$UnmodifiableList done
Event: 3.554 Loading class java/util/Collections$UnmodifiableRandomAccessList
Event: 3.554 Loading class java/util/Collections$UnmodifiableRandomAccessList done
Event: 3.620 Loading class java/util/Collections$UnmodifiableSet
Event: 3.620 Loading class java/util/Collections$UnmodifiableSet done
Event: 3.637 Loading class java/util/Collections$UnmodifiableCollection$1
Event: 3.638 Loading class java/util/Collections$UnmodifiableCollection$1 done
Event: 3.667 Loading class java/lang/reflect/InvocationTargetException
Event: 3.667 Loading class java/lang/reflect/InvocationTargetException done
Event: 3.697 Loading class java/io/UnsupportedEncodingException
Event: 3.697 Loading class java/io/UnsupportedEncodingException done
Event: 3.715 Loading class java/lang/Long$LongCache
Event: 3.715 Loading class java/lang/Long$LongCache done

Classes unloaded (0 events):
No events

Classes redefined (0 events):
No events

Internal exceptions (5 events):
Event: 2.229 Thread 0x000001e0574d32c0 Exception <a 'java/lang/NoSuchMethodError'{0x000000008beac8b8}: 'void java.lang.invoke.DirectMethodHandle$Holder.invokeSpecial(java.lang.Object, java.lang.Object, int)'> (0x000000008beac8b8) 
thrown [s\src\hotspot\share\interpreter\linkResolver.cpp, line 784]
Event: 2.232 Thread 0x000001e0574d32c0 Exception <a 'java/lang/NoSuchMethodError'{0x000000008beb1660}: 'int java.lang.invoke.DirectMethodHandle$Holder.invokeSpecial(java.lang.Object, java.lang.Object, java.lang.Object, int)'> (0x000000008beb1660) 
thrown [s\src\hotspot\share\interpreter\linkResolver.cpp, line 784]
Event: 2.238 Thread 0x000001e0574d32c0 Exception <a 'java/lang/NoSuchMethodError'{0x000000008bec3fa8}: 'java.lang.Object java.lang.invoke.DirectMethodHandle$Holder.invokeStatic(java.lang.Object, java.lang.Object, java.lang.Object, java.lang.Object, int)'> (0x000000008bec3fa8) 
thrown [s\src\hotspot\share\interpreter\linkResolver.cpp, line 784]
Event: 2.241 Thread 0x000001e0574d32c0 Exception <a 'java/lang/NoSuchMethodError'{0x000000008becc228}: 'void java.lang.invoke.DelegatingMethodHandle$Holder.reinvoke_L(java.lang.Object, java.lang.Object, int)'> (0x000000008becc228) 
thrown [s\src\hotspot\share\interpreter\linkResolver.cpp, line 784]
Event: 2.250 Thread 0x000001e0574d32c0 Exception <a 'java/lang/NoSuchMethodError'{0x000000008bedbb38}: 'void java.lang.invoke.DirectMethodHandle$Holder.invokeSpecial(java.lang.Object, java.lang.Object, java.lang.Object)'> (0x000000008bedbb38) 
thrown [s\src\hotspot\share\interpreter\linkResolver.cpp, line 784]

ZGC Phase Switch (0 events):
No events

VM Operations (12 events):
Event: 1.025 Executing VM operation: HandshakeAllThreads (Deoptimize)
Event: 1.025 Executing VM operation: HandshakeAllThreads (Deoptimize) done
Event: 1.987 Executing VM operation: HandshakeAllThreads (Deoptimize)
Event: 1.987 Executing VM operation: HandshakeAllThreads (Deoptimize) done
Event: 1.987 Executing VM operation: Cleanup
Event: 1.987 Executing VM operation: Cleanup done
Event: 2.991 Executing VM operation: Cleanup
Event: 2.992 Executing VM operation: Cleanup done
Event: 3.106 Executing VM operation: HandshakeAllThreads (Deoptimize)
Event: 3.106 Executing VM operation: HandshakeAllThreads (Deoptimize) done
Event: 3.904 Executing VM operation: G1CollectForAllocation (G1 Evacuation Pause)
Event: 3.924 Executing VM operation: G1CollectForAllocation (G1 Evacuation Pause) done

Memory protections (0 events):
No events

Nmethod flushes (0 events):
No events

Events (19 events):
Event: 0.104 Thread 0x000001e0574d32c0 Thread added: 0x000001e0574d32c0
Event: 0.330 Thread 0x000001e0574d32c0 Thread added: 0x000001e0714d1080
Event: 0.379 Thread 0x000001e0574d32c0 Thread added: 0x000001e0714ec9b0
Event: 0.383 Thread 0x000001e0574d32c0 Thread added: 0x000001e0714ed410
Event: 0.390 Thread 0x000001e0574d32c0 Thread added: 0x000001e071502950
Event: 0.390 Thread 0x000001e0574d32c0 Thread added: 0x000001e0715039c0
Event: 0.391 Thread 0x000001e0574d32c0 Thread added: 0x000001e071504420
Event: 0.391 Thread 0x000001e0574d32c0 Thread added: 0x000001e071504e80
Event: 0.391 Thread 0x000001e0574d32c0 Thread added: 0x000001e071505c10
Event: 0.405 Thread 0x000001e0574d32c0 Thread added: 0x000001e07154edd0
Event: 0.788 Thread 0x000001e0574d32c0 Thread added: 0x000001e0716c3940
Event: 0.862 Loaded shared library C:\Program Files\Android\Android Studio\jbr\bin\net.dll
Event: 0.870 Loaded shared library C:\Program Files\Android\Android Studio\jbr\bin\nio.dll
Event: 0.959 Thread 0x000001e071505c10 Thread added: 0x000001e071707df0
Event: 1.017 Loaded shared library C:\Program Files\Android\Android Studio\jbr\bin\zip.dll
Event: 1.196 Loaded shared library C:\Program Files\Android\Android Studio\jbr\bin\jimage.dll
Event: 1.201 Thread 0x000001e071707df0 Thread exited: 0x000001e071707df0
Event: 1.689 Thread 0x000001e071505c10 Thread added: 0x000001e076179140
Event: 1.834 Thread 0x000001e076179140 Thread exited: 0x000001e076179140


Dynamic libraries:
0x00007ff7b9760000 - 0x00007ff7b976a000 	C:\Program Files\Android\Android Studio\jbr\bin\java.exe
0x00007ffff33a0000 - 0x00007ffff3607000 	C:\WINDOWS\SYSTEM32\ntdll.dll
0x00007ffff1b10000 - 0x00007ffff1bd9000 	C:\WINDOWS\System32\KERNEL32.DLL
0x00007ffff0a00000 - 0x00007ffff0df1000 	C:\WINDOWS\System32\KERNELBASE.dll
0x00007fffefdf0000 - 0x00007fffeff3b000 	C:\WINDOWS\System32\ucrtbase.dll
0x00007fffea970000 - 0x00007fffea988000 	C:\Program Files\Android\Android Studio\jbr\bin\jli.dll
0x00007ffff3190000 - 0x00007ffff3355000 	C:\WINDOWS\System32\USER32.dll
0x00007ffff0160000 - 0x00007ffff0187000 	C:\WINDOWS\System32\win32u.dll
0x00007ffff1be0000 - 0x00007ffff1c0b000 	C:\WINDOWS\System32\GDI32.dll
0x00007ffff0e00000 - 0x00007ffff0f2a000 	C:\WINDOWS\System32\gdi32full.dll
0x00007fffea950000 - 0x00007fffea96b000 	C:\Program Files\Android\Android Studio\jbr\bin\VCRUNTIME140.dll
0x00007ffff00b0000 - 0x00007ffff0153000 	C:\WINDOWS\System32\msvcp_win.dll
0x00007fffcb810000 - 0x00007fffcbaa3000 	C:\WINDOWS\WinSxS\amd64_microsoft.windows.common-controls_6595b64144ccf1df_6.0.26100.7922_none_3e089e1ee3342171\COMCTL32.dll
0x00007ffff1720000 - 0x00007ffff17c9000 	C:\WINDOWS\System32\msvcrt.dll
0x00007ffff2880000 - 0x00007ffff28b1000 	C:\WINDOWS\System32\IMM32.DLL
0x00007fffea940000 - 0x00007fffea94c000 	C:\Program Files\Android\Android Studio\jbr\bin\vcruntime140_1.dll
0x00007fffdb010000 - 0x00007fffdb09d000 	C:\Program Files\Android\Android Studio\jbr\bin\msvcp140.dll
0x00007fff6dda0000 - 0x00007fff6ea36000 	C:\Program Files\Android\Android Studio\jbr\bin\server\jvm.dll
0x00007ffff1930000 - 0x00007ffff19eb000 	C:\WINDOWS\System32\ADVAPI32.dll
0x00007ffff1d30000 - 0x00007ffff1dd7000 	C:\WINDOWS\System32\sechost.dll
0x00007ffff1c10000 - 0x00007ffff1d28000 	C:\WINDOWS\System32\RPCRT4.dll
0x00007ffff25f0000 - 0x00007ffff2664000 	C:\WINDOWS\System32\WS2_32.dll
0x00007fffefae0000 - 0x00007fffefb3e000 	C:\WINDOWS\SYSTEM32\POWRPROF.dll
0x00007fffd9ed0000 - 0x00007fffd9edb000 	C:\WINDOWS\SYSTEM32\VERSION.dll
0x00007fffeade0000 - 0x00007fffeae15000 	C:\WINDOWS\SYSTEM32\WINMM.dll
0x00007fffefac0000 - 0x00007fffefad4000 	C:\WINDOWS\SYSTEM32\UMPDC.dll
0x00007fffeea10000 - 0x00007fffeea2b000 	C:\WINDOWS\SYSTEM32\kernel.appcore.dll
0x00007fffde2b0000 - 0x00007fffde2ba000 	C:\Program Files\Android\Android Studio\jbr\bin\jimage.dll
0x00007fffedd60000 - 0x00007fffedfa2000 	C:\WINDOWS\SYSTEM32\DBGHELP.DLL
0x00007ffff11a0000 - 0x00007ffff1522000 	C:\WINDOWS\System32\combase.dll
0x00007ffff1850000 - 0x00007ffff1927000 	C:\WINDOWS\System32\OLEAUT32.dll
0x00007fffd5490000 - 0x00007fffd54cb000 	C:\WINDOWS\SYSTEM32\dbgcore.DLL
0x00007fffeff40000 - 0x00007fffeffe5000 	C:\WINDOWS\System32\bcryptPrimitives.dll
0x00007fffde0c0000 - 0x00007fffde0e0000 	C:\Program Files\Android\Android Studio\jbr\bin\java.dll
0x00007fffde020000 - 0x00007fffde038000 	C:\Program Files\Android\Android Studio\jbr\bin\zip.dll
0x00007ffff28c0000 - 0x00007ffff301f000 	C:\WINDOWS\System32\SHELL32.dll
0x00007fffefc80000 - 0x00007fffefdea000 	C:\WINDOWS\System32\wintypes.dll
0x00007ffff0190000 - 0x00007ffff09f4000 	C:\WINDOWS\System32\windows.storage.dll
0x00007ffff1540000 - 0x00007ffff1637000 	C:\WINDOWS\System32\SHCORE.dll
0x00007ffff17d0000 - 0x00007ffff1837000 	C:\WINDOWS\System32\shlwapi.dll
0x00007fffefba0000 - 0x00007fffefbc9000 	C:\WINDOWS\SYSTEM32\profapi.dll
0x00007fffde2a0000 - 0x00007fffde2b0000 	C:\Program Files\Android\Android Studio\jbr\bin\net.dll
0x00007fffe4a70000 - 0x00007fffe4b97000 	C:\WINDOWS\SYSTEM32\WINHTTP.dll
0x00007fffeef80000 - 0x00007fffeefeb000 	C:\WINDOWS\system32\mswsock.dll
0x00007fffddf70000 - 0x00007fffddf86000 	C:\Program Files\Android\Android Studio\jbr\bin\nio.dll

JVMTI agents: none

dbghelp: loaded successfully - version: 4.0.5 - missing functions: none
symbol engine: initialized successfully - sym options: 0x614 - pdb path: .;C:\Program Files\Android\Android Studio\jbr\bin;C:\WINDOWS\SYSTEM32;C:\WINDOWS\WinSxS\amd64_microsoft.windows.common-controls_6595b64144ccf1df_6.0.26100.7922_none_3e089e1ee3342171;C:\Program Files\Android\Android Studio\jbr\bin\server

VM Arguments:
java_command: org.jetbrains.kotlin.cli.jvm.K2JVMCompiler @D:\flutterprojects\MiniProject-group-19\build\file_picker\20260313_2498024033294580366.compiler.options
java_class_path (initial): C:\Users\nandi\.gradle\caches\modules-2\files-2.1\org.jetbrains.kotlin\kotlin-compiler-embeddable\2.2.20\bb8331b7585e36ea311825b01a1c06860c055fd1\kotlin-compiler-embeddable-2.2.20.jar;C:\Users\nandi\.gradle\caches\modules-2\files-2.1\org.jetbrains.kotlin\kotlin-stdlib\2.2.20\5380b19fa1924399b62ce3a1faffebb2b4f82272\kotlin-stdlib-2.2.20.jar;C:\Users\nandi\.gradle\caches\modules-2\files-2.1\org.jetbrains.kotlin\kotlin-script-runtime\2.2.20\4c679cbeac0bb583b75c3a080013da8eaf240807\kotlin-script-runtime-2.2.20.jar;C:\Users\nandi\.gradle\caches\modules-2\files-2.1\org.jetbrains.kotlin\kotlin-reflect\1.6.10\1cbe9c92c12a94eea200d23c2bbaedaf3daf5132\kotlin-reflect-1.6.10.jar;C:\Users\nandi\.gradle\caches\modules-2\files-2.1\org.jetbrains.kotlin\kotlin-daemon-embeddable\2.2.20\feff12d48d7f1eb628742b0a721395e16f8755bf\kotlin-daemon-embeddable-2.2.20.jar;C:\Users\nandi\.gradle\caches\modules-2\files-2.1\org.jetbrains.kotlinx\kotlinx-coroutines-core-jvm\1.8.0\ac1dc37a30a93150b704022f8d895ee1bd3a36b3\kotlinx-coroutines-core-jvm-1.8.0.jar;C:\Users\nandi\.gradle\caches\modules-2\files-2.1\org.jetbrains\annotations\13.0\919f0dfe192fb4e063e7dacadee7f8bb9a2672a9\annotations-13.0.jar
Launcher Type: SUN_STANDARD

[Global flags]
     intx CICompilerCount                          = 4                                         {product} {ergonomic}
     uint ConcGCThreads                            = 3                                         {product} {ergonomic}
     uint G1ConcRefinementThreads                  = 10                                        {product} {ergonomic}
   size_t G1HeapRegionSize                         = 1048576                                   {product} {ergonomic}
    uintx GCDrainStackTargetSize                   = 64                                        {product} {ergonomic}
   size_t InitialHeapSize                          = 130023424                                 {product} {ergonomic}
   size_t MarkStackSize                            = 4194304                                   {product} {ergonomic}
   size_t MaxHeapSize                              = 2065694720                                {product} {ergonomic}
   size_t MaxNewSize                               = 1239416832                                {product} {ergonomic}
   size_t MinHeapDeltaBytes                        = 1048576                                   {product} {ergonomic}
   size_t MinHeapSize                              = 8388608                                   {product} {ergonomic}
    uintx NonNMethodCodeHeapSize                   = 5839372                                {pd product} {ergonomic}
    uintx NonProfiledCodeHeapSize                  = 122909434                              {pd product} {ergonomic}
    uintx ProfiledCodeHeapSize                     = 122909434                              {pd product} {ergonomic}
    uintx ReservedCodeCacheSize                    = 251658240                              {pd product} {ergonomic}
     bool SegmentedCodeCache                       = true                                      {product} {ergonomic}
   size_t SoftMaxHeapSize                          = 2065694720                             {manageable} {ergonomic}
     bool UseCompressedOops                        = true                           {product lp64_product} {ergonomic}
     bool UseG1GC                                  = true                                      {product} {ergonomic}
     bool UseLargePagesIndividualAllocation        = false                                  {pd product} {ergonomic}

Logging:
Log output configuration:
 #0: stdout all=warning uptime,level,tags foldmultilines=false
 #1: stderr all=off uptime,level,tags foldmultilines=false

Release file:
JAVA_VERSION="21.0.9" 
MODULES="java.base java.compiler java.datatransfer java.xml java.prefs java.desktop java.instrument java.logging java.management java.security.sasl java.naming java.rmi java.management.rmi java.net.http java.scripting java.security.jgss java.transaction.xa java.sql java.sql.rowset java.xml.crypto java.se java.smartcardio jdk.accessibility jdk.internal.jvmstat jdk.attach jdk.charsets jdk.internal.opt jdk.zipfs jdk.compiler jdk.crypto.ec jdk.crypto.cryptoki jdk.dynalink jdk.hotspot.agent jdk.httpserver jdk.internal.ed jdk.internal.le jdk.internal.vm.ci jdk.jartool jdk.javadoc jdk.jcmd jdk.jdeps jdk.jdwp.agent jdk.jdi jdk.jfr jdk.jlink jdk.jsobject jdk.localedata jdk.management jdk.management.agent jdk.management.jfr jdk.naming.dns jdk.naming.rmi jdk.net jdk.sctp jdk.security.auth jdk.security.jgss jdk.unsupported jdk.unsupported.desktop jdk.xml.dom" 
IMPLEMENTOR="JetBrains s.r.o." 
JAVA_RUNTIME_VERSION="21.0.9+-14649483-b1163.86" 
LIBC="default" 
OS_ARCH="x86_64" 
OS_NAME="Windows" 
SOURCE=".:git:554d0c326095" 

Environment Variables:
JAVA_HOME=C:\Program Files\Android\Android Studio\jbr
CLASSPATH=D:\flutterprojects\MiniProject-group-19\android\\gradle\wrapper\gradle-wrapper.jar
PATH=C:\Program Files\Android\Android Studio\jbr\bin;C:\Program Files\Python313\Scripts\;C:\Program Files\Python313\;C:\Program Files\Common Files\Oracle\Java\javapath;C:\WINDOWS\system32;C:\WINDOWS;C:\WINDOWS\System32\Wbem;C:\WINDOWS\System32\WindowsPowerShell\v1.0\;C:\WINDOWS\System32\OpenSSH\;C:\Program Files\dotnet\;C:\Program Files\Git\cmd;C:\Program Files\Git\mingw64\bin;C:\Program Files\Git\usr\bin;C:\Program Files\nodejs\;C:\Program Files\MySQL\MySQL Server 8.0\bin;C:\Program Files\MySQL\MySQL Server 8.0\bin;C:\flutter\bin;C:\Users\nandi\AppData\Local\Microsoft\WindowsApps;C:\Users\nandi\AppData\Local\Programs\Microsoft VS Code\bin;C:\MinGW\bin;C:\Users\nandi\AppData\Roaming\npm;C:\Users\nandi\AppData\Local\Programs\Antigravity\bin;D:\Android\Sdk\platform-tools;;C:\flutter\bin\mingit\cmd
USERNAME=nandi
OS=Windows_NT
PROCESSOR_IDENTIFIER=Intel64 Family 6 Model 154 Stepping 4, GenuineIntel
TMP=D:\Temp
TEMP=D:\Temp




Periodic native trim disabled

JNI global refs:
JNI global refs: 8, weak refs: 0

JNI global refs memory usage: 835, weak refs: 201

Process memory usage:
Resident Set Size: 82640K (1% of 8065780K total physical memory with 593372K free physical memory)

OOME stack traces (most recent first):
Classloader memory used:
Loader bootstrap                                                                       : 8700K
Loader jdk.internal.loader.ClassLoaders$AppClassLoader                                 : 5704K

---------------  S Y S T E M  ---------------

OS:
 Windows 11 , 64 bit Build 26100 (10.0.26100.7920)
OS uptime: 0 days 0:52 hours
Hyper-V role detected

CPU: total 12 (initial active 12) (6 cores per cpu, 2 threads per core) family 6 model 154 stepping 4 microcode 0x43b, cx8, cmov, fxsr, ht, mmx, 3dnowpref, sse, sse2, sse3, ssse3, sse4.1, sse4.2, popcnt, lzcnt, tsc, tscinvbit, avx, avx2, aes, erms, clmul, bmi1, bmi2, adx, sha, fma, vzeroupper, clflush, clflushopt, clwb, hv, serialize, rdtscp, rdpid, fsrm, f16c, cet_ibt, cet_ss
Processor Information for the first 12 processors :
  Max Mhz: 1300, Current Mhz: 1300, Mhz Limit: 1300

Memory: 4k page, system-wide physical 7876M (577M free)
TotalPageFile size 15779M (AvailPageFile size 161M)
current process WorkingSet (physical memory assigned to process): 80M, peak: 80M
current process commit charge ("private bytes"): 218M, peak: 219M

vm_info: OpenJDK 64-Bit Server VM (21.0.9+-14649483-b1163.86) for windows-amd64 JRE (21.0.9+-14649483-b1163.86), built on 2025-12-30T22:08:35Z by "builder" with MS VC++ 16.10 / 16.11 (VS2019)

END.
